2015-04-22 05:33:57 Error: Fatal Error (1): Call to a member function addFilters() on a non-object in [C:\wamp\www\ProjetoMDA\app\Controller\PesquisasController.php, line 25]
2015-04-22 05:33:57 Error: [FatalErrorException] Call to a member function addFilters() on a non-object
Request URL: /ProjetoMDA/pesquisas/
Stack Trace:
#0 C:\wamp\www\ProjetoMDA\lib\Cake\Error\ErrorHandler.php(213): ErrorHandler::handleFatalError(1, 'Call to a membe...', 'C:\\wamp\\www\\Pro...', 25)
#1 [internal function]: ErrorHandler::handleError(1, 'Call to a membe...', 'C:\\wamp\\www\\Pro...', 25, Array)
#2 C:\wamp\www\ProjetoMDA\lib\Cake\Core\App.php(931): call_user_func('ErrorHandler::h...', 1, 'Call to a membe...', 'C:\\wamp\\www\\Pro...', 25, Array)
#3 C:\wamp\www\ProjetoMDA\lib\Cake\Core\App.php(904): App::_checkFatalError()
#4 [internal function]: App::shutdown()
#5 {main}
2015-04-22 05:35:13 Error: [MissingControllerException] Controller class CssController could not be found.
Exception Attributes: array (
  'class' => 'CssController',
  'plugin' => NULL,
)
Request URL: /ProjetoMDA/css/.css
Stack Trace:
#0 C:\wamp\www\ProjetoMDA\app\webroot\index.php(118): Dispatcher->dispatch(Object(CakeRequest), Object(CakeResponse))
#1 {main}
2015-04-22 05:35:13 Error: [MissingControllerException] Controller class CssController could not be found.
Exception Attributes: array (
  'class' => 'CssController',
  'plugin' => NULL,
)
Request URL: /ProjetoMDA/css/jquery-ui.css
Stack Trace:
#0 C:\wamp\www\ProjetoMDA\app\webroot\index.php(118): Dispatcher->dispatch(Object(CakeRequest), Object(CakeResponse))
#1 {main}
2015-04-22 05:35:13 Error: [MissingControllerException] Controller class JsController could not be found.
Exception Attributes: array (
  'class' => 'JsController',
  'plugin' => NULL,
)
Request URL: /ProjetoMDA/js/jquery-1.11.2.min.js
Stack Trace:
#0 C:\wamp\www\ProjetoMDA\app\webroot\index.php(118): Dispatcher->dispatch(Object(CakeRequest), Object(CakeResponse))
#1 {main}
2015-04-22 05:35:13 Error: [MissingControllerException] Controller class CssController could not be found.
Exception Attributes: array (
  'class' => 'CssController',
  'plugin' => NULL,
)
Request URL: /ProjetoMDA/css/font-awesome.min.css
Stack Trace:
#0 C:\wamp\www\ProjetoMDA\app\webroot\index.php(118): Dispatcher->dispatch(Object(CakeRequest), Object(CakeResponse))
#1 {main}
2015-04-22 05:35:14 Error: [MissingControllerException] Controller class JsController could not be found.
Exception Attributes: array (
  'class' => 'JsController',
  'plugin' => NULL,
)
Request URL: /ProjetoMDA/js/jquery-ui.js
Stack Trace:
#0 C:\wamp\www\ProjetoMDA\app\webroot\index.php(118): Dispatcher->dispatch(Object(CakeRequest), Object(CakeResponse))
#1 {main}
2015-04-22 05:35:14 Error: [MissingControllerException] Controller class JsController could not be found.
Exception Attributes: array (
  'class' => 'JsController',
  'plugin' => NULL,
)
Request URL: /ProjetoMDA/js/.js
Stack Trace:
#0 C:\wamp\www\ProjetoMDA\app\webroot\index.php(118): Dispatcher->dispatch(Object(CakeRequest), Object(CakeResponse))
#1 {main}
2015-04-22 05:35:14 Error: [MissingControllerException] Controller class JsController could not be found.
Exception Attributes: array (
  'class' => 'JsController',
  'plugin' => NULL,
)
Request URL: /ProjetoMDA/js/jquery.maskedinput.js
Stack Trace:
#0 C:\wamp\www\ProjetoMDA\app\webroot\index.php(118): Dispatcher->dispatch(Object(CakeRequest), Object(CakeResponse))
#1 {main}
2015-04-22 05:35:14 Error: [MissingControllerException] Controller class JsController could not be found.
Exception Attributes: array (
  'class' => 'JsController',
  'plugin' => NULL,
)
Request URL: /ProjetoMDA/js/jquery-ui.js
Stack Trace:
#0 C:\wamp\www\ProjetoMDA\app\webroot\index.php(118): Dispatcher->dispatch(Object(CakeRequest), Object(CakeResponse))
#1 {main}
2015-04-22 05:35:14 Error: [MissingControllerException] Controller class JsController could not be found.
Exception Attributes: array (
  'class' => 'JsController',
  'plugin' => NULL,
)
Request URL: /ProjetoMDA/js/jquery.maskedinput.js
Stack Trace:
#0 C:\wamp\www\ProjetoMDA\app\webroot\index.php(118): Dispatcher->dispatch(Object(CakeRequest), Object(CakeResponse))
#1 {main}
2015-04-22 05:35:14 Error: [MissingControllerException] Controller class JsController could not be found.
Exception Attributes: array (
  'class' => 'JsController',
  'plugin' => NULL,
)
Request URL: /ProjetoMDA/js/.js
Stack Trace:
#0 C:\wamp\www\ProjetoMDA\app\webroot\index.php(118): Dispatcher->dispatch(Object(CakeRequest), Object(CakeResponse))
#1 {main}
2015-04-22 05:35:18 Error: Fatal Error (1): Call to a member function addFilters() on a non-object in [C:\wamp\www\ProjetoMDA\app\Controller\PesquisasController.php, line 25]
2015-04-22 05:35:18 Error: [FatalErrorException] Call to a member function addFilters() on a non-object
Request URL: /ProjetoMDA/pesquisas
Stack Trace:
#0 C:\wamp\www\ProjetoMDA\lib\Cake\Error\ErrorHandler.php(213): ErrorHandler::handleFatalError(1, 'Call to a membe...', 'C:\\wamp\\www\\Pro...', 25)
#1 [internal function]: ErrorHandler::handleError(1, 'Call to a membe...', 'C:\\wamp\\www\\Pro...', 25, Array)
#2 C:\wamp\www\ProjetoMDA\lib\Cake\Core\App.php(931): call_user_func('ErrorHandler::h...', 1, 'Call to a membe...', 'C:\\wamp\\www\\Pro...', 25, Array)
#3 C:\wamp\www\ProjetoMDA\lib\Cake\Core\App.php(904): App::_checkFatalError()
#4 [internal function]: App::shutdown()
#5 {main}
2015-04-22 05:35:18 Error: [MissingControllerException] Controller class CssController could not be found.
Exception Attributes: array (
  'class' => 'CssController',
  'plugin' => NULL,
)
Request URL: /ProjetoMDA/css/font-awesome.min.css
Stack Trace:
#0 C:\wamp\www\ProjetoMDA\app\webroot\index.php(118): Dispatcher->dispatch(Object(CakeRequest), Object(CakeResponse))
#1 {main}
2015-04-22 05:35:18 Error: [MissingControllerException] Controller class JsController could not be found.
Exception Attributes: array (
  'class' => 'JsController',
  'plugin' => NULL,
)
Request URL: /ProjetoMDA/js/.js
Stack Trace:
#0 C:\wamp\www\ProjetoMDA\app\webroot\index.php(118): Dispatcher->dispatch(Object(CakeRequest), Object(CakeResponse))
#1 {main}
2015-04-22 05:35:18 Error: [MissingControllerException] Controller class JsController could not be found.
Exception Attributes: array (
  'class' => 'JsController',
  'plugin' => NULL,
)
Request URL: /ProjetoMDA/js/jquery.maskedinput.js
Stack Trace:
#0 C:\wamp\www\ProjetoMDA\app\webroot\index.php(118): Dispatcher->dispatch(Object(CakeRequest), Object(CakeResponse))
#1 {main}
2015-04-22 05:35:18 Error: [MissingControllerException] Controller class CssController could not be found.
Exception Attributes: array (
  'class' => 'CssController',
  'plugin' => NULL,
)
Request URL: /ProjetoMDA/css/jquery-ui.css
Stack Trace:
#0 C:\wamp\www\ProjetoMDA\app\webroot\index.php(118): Dispatcher->dispatch(Object(CakeRequest), Object(CakeResponse))
#1 {main}
2015-04-22 05:35:18 Error: [MissingControllerException] Controller class JsController could not be found.
Exception Attributes: array (
  'class' => 'JsController',
  'plugin' => NULL,
)
Request URL: /ProjetoMDA/js/jquery-ui.js
Stack Trace:
#0 C:\wamp\www\ProjetoMDA\app\webroot\index.php(118): Dispatcher->dispatch(Object(CakeRequest), Object(CakeResponse))
#1 {main}
2015-04-22 05:35:18 Error: [MissingControllerException] Controller class CssController could not be found.
Exception Attributes: array (
  'class' => 'CssController',
  'plugin' => NULL,
)
Request URL: /ProjetoMDA/css/.css
Stack Trace:
#0 C:\wamp\www\ProjetoMDA\app\webroot\index.php(118): Dispatcher->dispatch(Object(CakeRequest), Object(CakeResponse))
#1 {main}
2015-04-22 05:35:18 Error: [MissingControllerException] Controller class JsController could not be found.
Exception Attributes: array (
  'class' => 'JsController',
  'plugin' => NULL,
)
Request URL: /ProjetoMDA/js/jquery-1.11.2.min.js
Stack Trace:
#0 C:\wamp\www\ProjetoMDA\app\webroot\index.php(118): Dispatcher->dispatch(Object(CakeRequest), Object(CakeResponse))
#1 {main}
2015-04-22 05:35:19 Error: [MissingControllerException] Controller class JsController could not be found.
Exception Attributes: array (
  'class' => 'JsController',
  'plugin' => NULL,
)
Request URL: /ProjetoMDA/js/jquery-ui.js
Stack Trace:
#0 C:\wamp\www\ProjetoMDA\app\webroot\index.php(118): Dispatcher->dispatch(Object(CakeRequest), Object(CakeResponse))
#1 {main}
2015-04-22 05:35:19 Error: [MissingControllerException] Controller class JsController could not be found.
Exception Attributes: array (
  'class' => 'JsController',
  'plugin' => NULL,
)
Request URL: /ProjetoMDA/js/jquery.maskedinput.js
Stack Trace:
#0 C:\wamp\www\ProjetoMDA\app\webroot\index.php(118): Dispatcher->dispatch(Object(CakeRequest), Object(CakeResponse))
#1 {main}
2015-04-22 05:35:19 Error: [MissingControllerException] Controller class JsController could not be found.
Exception Attributes: array (
  'class' => 'JsController',
  'plugin' => NULL,
)
Request URL: /ProjetoMDA/js/.js
Stack Trace:
#0 C:\wamp\www\ProjetoMDA\app\webroot\index.php(118): Dispatcher->dispatch(Object(CakeRequest), Object(CakeResponse))
#1 {main}
2015-04-22 05:35:21 Error: [MissingControllerException] Controller class JsController could not be found.
Exception Attributes: array (
  'class' => 'JsController',
  'plugin' => NULL,
)
Request URL: /ProjetoMDA/js/jquery-1.11.2.min.js
Stack Trace:
#0 C:\wamp\www\ProjetoMDA\app\webroot\index.php(118): Dispatcher->dispatch(Object(CakeRequest), Object(CakeResponse))
#1 {main}
2015-04-22 05:35:21 Error: [MissingControllerException] Controller class JsController could not be found.
Exception Attributes: array (
  'class' => 'JsController',
  'plugin' => NULL,
)
Request URL: /ProjetoMDA/js/jquery-ui.js
Stack Trace:
#0 C:\wamp\www\ProjetoMDA\app\webroot\index.php(118): Dispatcher->dispatch(Object(CakeRequest), Object(CakeResponse))
#1 {main}
2015-04-22 05:35:21 Error: [MissingControllerException] Controller class CssController could not be found.
Exception Attributes: array (
  'class' => 'CssController',
  'plugin' => NULL,
)
Request URL: /ProjetoMDA/css/jquery-ui.css
Stack Trace:
#0 C:\wamp\www\ProjetoMDA\app\webroot\index.php(118): Dispatcher->dispatch(Object(CakeRequest), Object(CakeResponse))
#1 {main}
2015-04-22 05:35:21 Error: [MissingControllerException] Controller class CssController could not be found.
Exception Attributes: array (
  'class' => 'CssController',
  'plugin' => NULL,
)
Request URL: /ProjetoMDA/css/.css
Stack Trace:
#0 C:\wamp\www\ProjetoMDA\app\webroot\index.php(118): Dispatcher->dispatch(Object(CakeRequest), Object(CakeResponse))
#1 {main}
2015-04-22 05:35:21 Error: [MissingControllerException] Controller class CssController could not be found.
Exception Attributes: array (
  'class' => 'CssController',
  'plugin' => NULL,
)
Request URL: /ProjetoMDA/css/font-awesome.min.css
Stack Trace:
#0 C:\wamp\www\ProjetoMDA\app\webroot\index.php(118): Dispatcher->dispatch(Object(CakeRequest), Object(CakeResponse))
#1 {main}
2015-04-22 05:35:21 Error: [MissingControllerException] Controller class JsController could not be found.
Exception Attributes: array (
  'class' => 'JsController',
  'plugin' => NULL,
)
Request URL: /ProjetoMDA/js/jquery.maskedinput.js
Stack Trace:
#0 C:\wamp\www\ProjetoMDA\app\webroot\index.php(118): Dispatcher->dispatch(Object(CakeRequest), Object(CakeResponse))
#1 {main}
2015-04-22 05:35:22 Error: [MissingControllerException] Controller class JsController could not be found.
Exception Attributes: array (
  'class' => 'JsController',
  'plugin' => NULL,
)
Request URL: /ProjetoMDA/js/.js
Stack Trace:
#0 C:\wamp\www\ProjetoMDA\app\webroot\index.php(118): Dispatcher->dispatch(Object(CakeRequest), Object(CakeResponse))
#1 {main}
2015-04-22 05:35:22 Error: [MissingControllerException] Controller class JsController could not be found.
Exception Attributes: array (
  'class' => 'JsController',
  'plugin' => NULL,
)
Request URL: /ProjetoMDA/js/jquery-ui.js
Stack Trace:
#0 C:\wamp\www\ProjetoMDA\app\webroot\index.php(118): Dispatcher->dispatch(Object(CakeRequest), Object(CakeResponse))
#1 {main}
2015-04-22 05:35:22 Error: [MissingControllerException] Controller class JsController could not be found.
Exception Attributes: array (
  'class' => 'JsController',
  'plugin' => NULL,
)
Request URL: /ProjetoMDA/js/jquery.maskedinput.js
Stack Trace:
#0 C:\wamp\www\ProjetoMDA\app\webroot\index.php(118): Dispatcher->dispatch(Object(CakeRequest), Object(CakeResponse))
#1 {main}
2015-04-22 05:35:22 Error: [MissingControllerException] Controller class JsController could not be found.
Exception Attributes: array (
  'class' => 'JsController',
  'plugin' => NULL,
)
Request URL: /ProjetoMDA/js/.js
Stack Trace:
#0 C:\wamp\www\ProjetoMDA\app\webroot\index.php(118): Dispatcher->dispatch(Object(CakeRequest), Object(CakeResponse))
#1 {main}
2015-04-22 05:40:08 Error: [MissingControllerException] Controller class CssController could not be found.
Exception Attributes: array (
  'class' => 'CssController',
  'plugin' => NULL,
)
Request URL: /ProjetoMDA/css/jquery-ui.css
Stack Trace:
#0 C:\wamp\www\ProjetoMDA\app\webroot\index.php(118): Dispatcher->dispatch(Object(CakeRequest), Object(CakeResponse))
#1 {main}
2015-04-22 05:40:08 Error: [MissingControllerException] Controller class CssController could not be found.
Exception Attributes: array (
  'class' => 'CssController',
  'plugin' => NULL,
)
Request URL: /ProjetoMDA/css/.css
Stack Trace:
#0 C:\wamp\www\ProjetoMDA\app\webroot\index.php(118): Dispatcher->dispatch(Object(CakeRequest), Object(CakeResponse))
#1 {main}
2015-04-22 05:40:08 Error: [MissingControllerException] Controller class JsController could not be found.
Exception Attributes: array (
  'class' => 'JsController',
  'plugin' => NULL,
)
Request URL: /ProjetoMDA/js/.js
Stack Trace:
#0 C:\wamp\www\ProjetoMDA\app\webroot\index.php(118): Dispatcher->dispatch(Object(CakeRequest), Object(CakeResponse))
#1 {main}
2015-04-22 05:40:08 Error: [MissingControllerException] Controller class CssController could not be found.
Exception Attributes: array (
  'class' => 'CssController',
  'plugin' => NULL,
)
Request URL: /ProjetoMDA/css/font-awesome.min.css
Stack Trace:
#0 C:\wamp\www\ProjetoMDA\app\webroot\index.php(118): Dispatcher->dispatch(Object(CakeRequest), Object(CakeResponse))
#1 {main}
2015-04-22 05:40:08 Error: [MissingControllerException] Controller class JsController could not be found.
Exception Attributes: array (
  'class' => 'JsController',
  'plugin' => NULL,
)
Request URL: /ProjetoMDA/js/.js
Stack Trace:
#0 C:\wamp\www\ProjetoMDA\app\webroot\index.php(118): Dispatcher->dispatch(Object(CakeRequest), Object(CakeResponse))
#1 {main}
2015-04-22 05:40:12 Error: [MissingControllerException] Controller class CssController could not be found.
Exception Attributes: array (
  'class' => 'CssController',
  'plugin' => NULL,
)
Request URL: /ProjetoMDA/css/font-awesome.min.css
Stack Trace:
#0 C:\wamp\www\ProjetoMDA\app\webroot\index.php(118): Dispatcher->dispatch(Object(CakeRequest), Object(CakeResponse))
#1 {main}
2015-04-22 05:40:12 Error: [MissingControllerException] Controller class CssController could not be found.
Exception Attributes: array (
  'class' => 'CssController',
  'plugin' => NULL,
)
Request URL: /ProjetoMDA/css/jquery-ui.css
Stack Trace:
#0 C:\wamp\www\ProjetoMDA\app\webroot\index.php(118): Dispatcher->dispatch(Object(CakeRequest), Object(CakeResponse))
#1 {main}
2015-04-22 05:40:12 Error: [MissingControllerException] Controller class CssController could not be found.
Exception Attributes: array (
  'class' => 'CssController',
  'plugin' => NULL,
)
Request URL: /ProjetoMDA/css/.css
Stack Trace:
#0 C:\wamp\www\ProjetoMDA\app\webroot\index.php(118): Dispatcher->dispatch(Object(CakeRequest), Object(CakeResponse))
#1 {main}
2015-04-22 05:40:12 Error: [MissingControllerException] Controller class JsController could not be found.
Exception Attributes: array (
  'class' => 'JsController',
  'plugin' => NULL,
)
Request URL: /ProjetoMDA/js/.js
Stack Trace:
#0 C:\wamp\www\ProjetoMDA\app\webroot\index.php(118): Dispatcher->dispatch(Object(CakeRequest), Object(CakeResponse))
#1 {main}
2015-04-22 05:41:02 Error: [MissingControllerException] Controller class CssController could not be found.
Exception Attributes: array (
  'class' => 'CssController',
  'plugin' => NULL,
)
Request URL: /ProjetoMDA/css/.css
Stack Trace:
#0 C:\wamp\www\ProjetoMDA\app\webroot\index.php(118): Dispatcher->dispatch(Object(CakeRequest), Object(CakeResponse))
#1 {main}
2015-04-22 05:41:02 Error: [MissingControllerException] Controller class JsController could not be found.
Exception Attributes: array (
  'class' => 'JsController',
  'plugin' => NULL,
)
Request URL: /ProjetoMDA/js/.js
Stack Trace:
#0 C:\wamp\www\ProjetoMDA\app\webroot\index.php(118): Dispatcher->dispatch(Object(CakeRequest), Object(CakeResponse))
#1 {main}
2015-04-22 05:41:02 Error: [MissingControllerException] Controller class CssController could not be found.
Exception Attributes: array (
  'class' => 'CssController',
  'plugin' => NULL,
)
Request URL: /ProjetoMDA/css/jquery-ui.css
Stack Trace:
#0 C:\wamp\www\ProjetoMDA\app\webroot\index.php(118): Dispatcher->dispatch(Object(CakeRequest), Object(CakeResponse))
#1 {main}
2015-04-22 05:41:02 Error: [MissingControllerException] Controller class CssController could not be found.
Exception Attributes: array (
  'class' => 'CssController',
  'plugin' => NULL,
)
Request URL: /ProjetoMDA/css/font-awesome.min.css
Stack Trace:
#0 C:\wamp\www\ProjetoMDA\app\webroot\index.php(118): Dispatcher->dispatch(Object(CakeRequest), Object(CakeResponse))
#1 {main}
2015-04-22 05:41:03 Error: [MissingControllerException] Controller class JsController could not be found.
Exception Attributes: array (
  'class' => 'JsController',
  'plugin' => NULL,
)
Request URL: /ProjetoMDA/js/.js
Stack Trace:
#0 C:\wamp\www\ProjetoMDA\app\webroot\index.php(118): Dispatcher->dispatch(Object(CakeRequest), Object(CakeResponse))
#1 {main}
2015-04-22 05:42:21 Error: [MissingControllerException] Controller class CssController could not be found.
Exception Attributes: array (
  'class' => 'CssController',
  'plugin' => NULL,
)
Request URL: /ProjetoMDA/css/jquery-ui.css
Stack Trace:
#0 C:\wamp\www\ProjetoMDA\app\webroot\index.php(118): Dispatcher->dispatch(Object(CakeRequest), Object(CakeResponse))
#1 {main}
2015-04-22 05:42:21 Error: [MissingControllerException] Controller class CssController could not be found.
Exception Attributes: array (
  'class' => 'CssController',
  'plugin' => NULL,
)
Request URL: /ProjetoMDA/css/font-awesome.min.css
Stack Trace:
#0 C:\wamp\www\ProjetoMDA\app\webroot\index.php(118): Dispatcher->dispatch(Object(CakeRequest), Object(CakeResponse))
#1 {main}
2015-04-22 05:42:21 Error: [MissingControllerException] Controller class CssController could not be found.
Exception Attributes: array (
  'class' => 'CssController',
  'plugin' => NULL,
)
Request URL: /ProjetoMDA/css/.css
Stack Trace:
#0 C:\wamp\www\ProjetoMDA\app\webroot\index.php(118): Dispatcher->dispatch(Object(CakeRequest), Object(CakeResponse))
#1 {main}
2015-04-22 05:42:21 Error: [MissingControllerException] Controller class JsController could not be found.
Exception Attributes: array (
  'class' => 'JsController',
  'plugin' => NULL,
)
Request URL: /ProjetoMDA/js/.js
Stack Trace:
#0 C:\wamp\www\ProjetoMDA\app\webroot\index.php(118): Dispatcher->dispatch(Object(CakeRequest), Object(CakeResponse))
#1 {main}
2015-04-22 05:42:29 Error: [MissingControllerException] Controller class JsController could not be found.
Exception Attributes: array (
  'class' => 'JsController',
  'plugin' => NULL,
)
Request URL: /ProjetoMDA/js/.js
Stack Trace:
#0 C:\wamp\www\ProjetoMDA\app\webroot\index.php(118): Dispatcher->dispatch(Object(CakeRequest), Object(CakeResponse))
#1 {main}
2015-04-22 05:42:29 Error: [MissingControllerException] Controller class CssController could not be found.
Exception Attributes: array (
  'class' => 'CssController',
  'plugin' => NULL,
)
Request URL: /ProjetoMDA/css/font-awesome.min.css
Stack Trace:
#0 C:\wamp\www\ProjetoMDA\app\webroot\index.php(118): Dispatcher->dispatch(Object(CakeRequest), Object(CakeResponse))
#1 {main}
2015-04-22 05:42:29 Error: [MissingControllerException] Controller class CssController could not be found.
Exception Attributes: array (
  'class' => 'CssController',
  'plugin' => NULL,
)
Request URL: /ProjetoMDA/css/.css
Stack Trace:
#0 C:\wamp\www\ProjetoMDA\app\webroot\index.php(118): Dispatcher->dispatch(Object(CakeRequest), Object(CakeResponse))
#1 {main}
2015-04-22 05:42:29 Error: [MissingControllerException] Controller class CssController could not be found.
Exception Attributes: array (
  'class' => 'CssController',
  'plugin' => NULL,
)
Request URL: /ProjetoMDA/css/jquery-ui.css
Stack Trace:
#0 C:\wamp\www\ProjetoMDA\app\webroot\index.php(118): Dispatcher->dispatch(Object(CakeRequest), Object(CakeResponse))
#1 {main}
2015-04-22 05:42:29 Error: [MissingControllerException] Controller class JsController could not be found.
Exception Attributes: array (
  'class' => 'JsController',
  'plugin' => NULL,
)
Request URL: /ProjetoMDA/js/.js
Stack Trace:
#0 C:\wamp\www\ProjetoMDA\app\webroot\index.php(118): Dispatcher->dispatch(Object(CakeRequest), Object(CakeResponse))
#1 {main}
2015-04-22 05:51:49 Error: [MissingLayoutException] Layout file "Layouts\fix.ctp" is missing.
Exception Attributes: array (
  'file' => 'Layouts\\fix.ctp',
)
Request URL: /ProjetoMDA/
Stack Trace:
#0 C:\wamp\www\ProjetoMDA\lib\Cake\View\View.php(514): View->_getLayoutFileName('fix')
#1 C:\wamp\www\ProjetoMDA\lib\Cake\View\View.php(481): View->renderLayout('', 'fix')
#2 C:\wamp\www\ProjetoMDA\lib\Cake\Controller\Controller.php(960): View->render('home', NULL)
#3 C:\wamp\www\ProjetoMDA\app\Controller\PagesController.php(68): Controller->render('home')
#4 [internal function]: PagesController->display('home')
#5 C:\wamp\www\ProjetoMDA\lib\Cake\Controller\Controller.php(490): ReflectionMethod->invokeArgs(Object(PagesController), Array)
#6 C:\wamp\www\ProjetoMDA\lib\Cake\Routing\Dispatcher.php(193): Controller->invokeAction(Object(CakeRequest))
#7 C:\wamp\www\ProjetoMDA\lib\Cake\Routing\Dispatcher.php(167): Dispatcher->_invoke(Object(PagesController), Object(CakeRequest))
#8 C:\wamp\www\ProjetoMDA\app\webroot\index.php(118): Dispatcher->dispatch(Object(CakeRequest), Object(CakeResponse))
#9 {main}
2015-04-22 05:52:09 Error: [MissingLayoutException] Layout file "Layouts\fix.ctp" is missing.
Exception Attributes: array (
  'file' => 'Layouts\\fix.ctp',
)
Request URL: /ProjetoMDA/
Stack Trace:
#0 C:\wamp\www\ProjetoMDA\lib\Cake\View\View.php(514): View->_getLayoutFileName('fix')
#1 C:\wamp\www\ProjetoMDA\lib\Cake\View\View.php(481): View->renderLayout('', 'fix')
#2 C:\wamp\www\ProjetoMDA\lib\Cake\Controller\Controller.php(960): View->render('home', NULL)
#3 C:\wamp\www\ProjetoMDA\app\Controller\PagesController.php(68): Controller->render('home')
#4 [internal function]: PagesController->display('home')
#5 C:\wamp\www\ProjetoMDA\lib\Cake\Controller\Controller.php(490): ReflectionMethod->invokeArgs(Object(PagesController), Array)
#6 C:\wamp\www\ProjetoMDA\lib\Cake\Routing\Dispatcher.php(193): Controller->invokeAction(Object(CakeRequest))
#7 C:\wamp\www\ProjetoMDA\lib\Cake\Routing\Dispatcher.php(167): Dispatcher->_invoke(Object(PagesController), Object(CakeRequest))
#8 C:\wamp\www\ProjetoMDA\app\webroot\index.php(118): Dispatcher->dispatch(Object(CakeRequest), Object(CakeResponse))
#9 {main}
2015-04-22 05:52:12 Error: [MissingLayoutException] Layout file "Layouts\fix.ctp" is missing.
Exception Attributes: array (
  'file' => 'Layouts\\fix.ctp',
)
Request URL: /ProjetoMDA/
Stack Trace:
#0 C:\wamp\www\ProjetoMDA\lib\Cake\View\View.php(514): View->_getLayoutFileName('fix')
#1 C:\wamp\www\ProjetoMDA\lib\Cake\View\View.php(481): View->renderLayout('', 'fix')
#2 C:\wamp\www\ProjetoMDA\lib\Cake\Controller\Controller.php(960): View->render('home', NULL)
#3 C:\wamp\www\ProjetoMDA\app\Controller\PagesController.php(68): Controller->render('home')
#4 [internal function]: PagesController->display('home')
#5 C:\wamp\www\ProjetoMDA\lib\Cake\Controller\Controller.php(490): ReflectionMethod->invokeArgs(Object(PagesController), Array)
#6 C:\wamp\www\ProjetoMDA\lib\Cake\Routing\Dispatcher.php(193): Controller->invokeAction(Object(CakeRequest))
#7 C:\wamp\www\ProjetoMDA\lib\Cake\Routing\Dispatcher.php(167): Dispatcher->_invoke(Object(PagesController), Object(CakeRequest))
#8 C:\wamp\www\ProjetoMDA\app\webroot\index.php(118): Dispatcher->dispatch(Object(CakeRequest), Object(CakeResponse))
#9 {main}
2015-04-22 05:52:30 Error: [MissingControllerException] Controller class CssController could not be found.
Exception Attributes: array (
  'class' => 'CssController',
  'plugin' => NULL,
)
Request URL: /ProjetoMDA/css/font-awesome.min.css
Stack Trace:
#0 C:\wamp\www\ProjetoMDA\app\webroot\index.php(118): Dispatcher->dispatch(Object(CakeRequest), Object(CakeResponse))
#1 {main}
2015-04-22 05:52:30 Error: [MissingControllerException] Controller class CssController could not be found.
Exception Attributes: array (
  'class' => 'CssController',
  'plugin' => NULL,
)
Request URL: /ProjetoMDA/css/jquery-ui.css
Stack Trace:
#0 C:\wamp\www\ProjetoMDA\app\webroot\index.php(118): Dispatcher->dispatch(Object(CakeRequest), Object(CakeResponse))
#1 {main}
2015-04-22 05:52:30 Error: [MissingControllerException] Controller class JsController could not be found.
Exception Attributes: array (
  'class' => 'JsController',
  'plugin' => NULL,
)
Request URL: /ProjetoMDA/js/.js
Stack Trace:
#0 C:\wamp\www\ProjetoMDA\app\webroot\index.php(118): Dispatcher->dispatch(Object(CakeRequest), Object(CakeResponse))
#1 {main}
2015-04-22 05:52:30 Error: [MissingControllerException] Controller class CssController could not be found.
Exception Attributes: array (
  'class' => 'CssController',
  'plugin' => NULL,
)
Request URL: /ProjetoMDA/css/.css
Stack Trace:
#0 C:\wamp\www\ProjetoMDA\app\webroot\index.php(118): Dispatcher->dispatch(Object(CakeRequest), Object(CakeResponse))
#1 {main}
2015-04-22 05:52:31 Error: [MissingControllerException] Controller class JsController could not be found.
Exception Attributes: array (
  'class' => 'JsController',
  'plugin' => NULL,
)
Request URL: /ProjetoMDA/js/.js
Stack Trace:
#0 C:\wamp\www\ProjetoMDA\app\webroot\index.php(118): Dispatcher->dispatch(Object(CakeRequest), Object(CakeResponse))
#1 {main}
2015-04-22 05:52:34 Error: [MissingControllerException] Controller class CssController could not be found.
Exception Attributes: array (
  'class' => 'CssController',
  'plugin' => NULL,
)
Request URL: /ProjetoMDA/css/font-awesome.min.css
Stack Trace:
#0 C:\wamp\www\ProjetoMDA\app\webroot\index.php(118): Dispatcher->dispatch(Object(CakeRequest), Object(CakeResponse))
#1 {main}
2015-04-22 05:52:34 Error: [MissingControllerException] Controller class CssController could not be found.
Exception Attributes: array (
  'class' => 'CssController',
  'plugin' => NULL,
)
Request URL: /ProjetoMDA/css/.css
Stack Trace:
#0 C:\wamp\www\ProjetoMDA\app\webroot\index.php(118): Dispatcher->dispatch(Object(CakeRequest), Object(CakeResponse))
#1 {main}
2015-04-22 05:52:34 Error: [MissingControllerException] Controller class JsController could not be found.
Exception Attributes: array (
  'class' => 'JsController',
  'plugin' => NULL,
)
Request URL: /ProjetoMDA/js/.js
Stack Trace:
#0 C:\wamp\www\ProjetoMDA\app\webroot\index.php(118): Dispatcher->dispatch(Object(CakeRequest), Object(CakeResponse))
#1 {main}
2015-04-22 05:52:34 Error: [MissingControllerException] Controller class CssController could not be found.
Exception Attributes: array (
  'class' => 'CssController',
  'plugin' => NULL,
)
Request URL: /ProjetoMDA/css/jquery-ui.css
Stack Trace:
#0 C:\wamp\www\ProjetoMDA\app\webroot\index.php(118): Dispatcher->dispatch(Object(CakeRequest), Object(CakeResponse))
#1 {main}
2015-04-22 05:52:43 Error: [MissingControllerException] Controller class JsController could not be found.
Exception Attributes: array (
  'class' => 'JsController',
  'plugin' => NULL,
)
Request URL: /ProjetoMDA/js/.js
Stack Trace:
#0 C:\wamp\www\ProjetoMDA\app\webroot\index.php(118): Dispatcher->dispatch(Object(CakeRequest), Object(CakeResponse))
#1 {main}
2015-04-22 05:52:43 Error: [MissingControllerException] Controller class CssController could not be found.
Exception Attributes: array (
  'class' => 'CssController',
  'plugin' => NULL,
)
Request URL: /ProjetoMDA/css/jquery-ui.css
Stack Trace:
#0 C:\wamp\www\ProjetoMDA\app\webroot\index.php(118): Dispatcher->dispatch(Object(CakeRequest), Object(CakeResponse))
#1 {main}
2015-04-22 05:52:43 Error: [MissingControllerException] Controller class CssController could not be found.
Exception Attributes: array (
  'class' => 'CssController',
  'plugin' => NULL,
)
Request URL: /ProjetoMDA/css/font-awesome.min.css
Stack Trace:
#0 C:\wamp\www\ProjetoMDA\app\webroot\index.php(118): Dispatcher->dispatch(Object(CakeRequest), Object(CakeResponse))
#1 {main}
2015-04-22 05:52:43 Error: [MissingControllerException] Controller class CssController could not be found.
Exception Attributes: array (
  'class' => 'CssController',
  'plugin' => NULL,
)
Request URL: /ProjetoMDA/css/.css
Stack Trace:
#0 C:\wamp\www\ProjetoMDA\app\webroot\index.php(118): Dispatcher->dispatch(Object(CakeRequest), Object(CakeResponse))
#1 {main}
2015-04-22 05:52:44 Error: [MissingControllerException] Controller class JsController could not be found.
Exception Attributes: array (
  'class' => 'JsController',
  'plugin' => NULL,
)
Request URL: /ProjetoMDA/js/.js
Stack Trace:
#0 C:\wamp\www\ProjetoMDA\app\webroot\index.php(118): Dispatcher->dispatch(Object(CakeRequest), Object(CakeResponse))
#1 {main}
2015-04-22 05:54:16 Error: [MissingControllerException] Controller class CssController could not be found.
Exception Attributes: array (
  'class' => 'CssController',
  'plugin' => NULL,
)
Request URL: /ProjetoMDA/css/.css
Stack Trace:
#0 C:\wamp\www\ProjetoMDA\app\webroot\index.php(118): Dispatcher->dispatch(Object(CakeRequest), Object(CakeResponse))
#1 {main}
2015-04-22 05:54:16 Error: [MissingControllerException] Controller class JsController could not be found.
Exception Attributes: array (
  'class' => 'JsController',
  'plugin' => NULL,
)
Request URL: /ProjetoMDA/js/.js
Stack Trace:
#0 C:\wamp\www\ProjetoMDA\app\webroot\index.php(118): Dispatcher->dispatch(Object(CakeRequest), Object(CakeResponse))
#1 {main}
2015-04-22 05:54:16 Error: [MissingControllerException] Controller class CssController could not be found.
Exception Attributes: array (
  'class' => 'CssController',
  'plugin' => NULL,
)
Request URL: /ProjetoMDA/css/jquery-ui.css
Stack Trace:
#0 C:\wamp\www\ProjetoMDA\app\webroot\index.php(118): Dispatcher->dispatch(Object(CakeRequest), Object(CakeResponse))
#1 {main}
2015-04-22 05:54:16 Error: [MissingControllerException] Controller class CssController could not be found.
Exception Attributes: array (
  'class' => 'CssController',
  'plugin' => NULL,
)
Request URL: /ProjetoMDA/css/font-awesome.min.css
Stack Trace:
#0 C:\wamp\www\ProjetoMDA\app\webroot\index.php(118): Dispatcher->dispatch(Object(CakeRequest), Object(CakeResponse))
#1 {main}
2015-04-22 05:54:17 Error: [MissingControllerException] Controller class JsController could not be found.
Exception Attributes: array (
  'class' => 'JsController',
  'plugin' => NULL,
)
Request URL: /ProjetoMDA/js/.js
Stack Trace:
#0 C:\wamp\www\ProjetoMDA\app\webroot\index.php(118): Dispatcher->dispatch(Object(CakeRequest), Object(CakeResponse))
#1 {main}
2015-04-22 05:56:26 Error: [MissingControllerException] Controller class CssController could not be found.
Exception Attributes: array (
  'class' => 'CssController',
  'plugin' => NULL,
)
Request URL: /ProjetoMDA/css/font-awesome.min.css
Stack Trace:
#0 C:\wamp\www\ProjetoMDA\app\webroot\index.php(118): Dispatcher->dispatch(Object(CakeRequest), Object(CakeResponse))
#1 {main}
2015-04-22 05:56:26 Error: [MissingControllerException] Controller class CssController could not be found.
Exception Attributes: array (
  'class' => 'CssController',
  'plugin' => NULL,
)
Request URL: /ProjetoMDA/css/.css
Stack Trace:
#0 C:\wamp\www\ProjetoMDA\app\webroot\index.php(118): Dispatcher->dispatch(Object(CakeRequest), Object(CakeResponse))
#1 {main}
2015-04-22 05:56:26 Error: [MissingControllerException] Controller class JsController could not be found.
Exception Attributes: array (
  'class' => 'JsController',
  'plugin' => NULL,
)
Request URL: /ProjetoMDA/js/.js
Stack Trace:
#0 C:\wamp\www\ProjetoMDA\app\webroot\index.php(118): Dispatcher->dispatch(Object(CakeRequest), Object(CakeResponse))
#1 {main}
2015-04-22 05:56:26 Error: [MissingControllerException] Controller class CssController could not be found.
Exception Attributes: array (
  'class' => 'CssController',
  'plugin' => NULL,
)
Request URL: /ProjetoMDA/css/jquery-ui.css
Stack Trace:
#0 C:\wamp\www\ProjetoMDA\app\webroot\index.php(118): Dispatcher->dispatch(Object(CakeRequest), Object(CakeResponse))
#1 {main}
2015-04-22 05:56:26 Error: [MissingControllerException] Controller class JsController could not be found.
Exception Attributes: array (
  'class' => 'JsController',
  'plugin' => NULL,
)
Request URL: /ProjetoMDA/js/.js
Stack Trace:
#0 C:\wamp\www\ProjetoMDA\app\webroot\index.php(118): Dispatcher->dispatch(Object(CakeRequest), Object(CakeResponse))
#1 {main}
2015-04-22 05:56:32 Error: [MissingControllerException] Controller class CssController could not be found.
Exception Attributes: array (
  'class' => 'CssController',
  'plugin' => NULL,
)
Request URL: /ProjetoMDA/css/font-awesome.min.css
Stack Trace:
#0 C:\wamp\www\ProjetoMDA\app\webroot\index.php(118): Dispatcher->dispatch(Object(CakeRequest), Object(CakeResponse))
#1 {main}
2015-04-22 05:56:32 Error: [MissingControllerException] Controller class CssController could not be found.
Exception Attributes: array (
  'class' => 'CssController',
  'plugin' => NULL,
)
Request URL: /ProjetoMDA/css/jquery-ui.css
Stack Trace:
#0 C:\wamp\www\ProjetoMDA\app\webroot\index.php(118): Dispatcher->dispatch(Object(CakeRequest), Object(CakeResponse))
#1 {main}
2015-04-22 05:56:32 Error: [MissingControllerException] Controller class JsController could not be found.
Exception Attributes: array (
  'class' => 'JsController',
  'plugin' => NULL,
)
Request URL: /ProjetoMDA/js/.js
Stack Trace:
#0 C:\wamp\www\ProjetoMDA\app\webroot\index.php(118): Dispatcher->dispatch(Object(CakeRequest), Object(CakeResponse))
#1 {main}
2015-04-22 05:56:32 Error: [MissingControllerException] Controller class CssController could not be found.
Exception Attributes: array (
  'class' => 'CssController',
  'plugin' => NULL,
)
Request URL: /ProjetoMDA/css/.css
Stack Trace:
#0 C:\wamp\www\ProjetoMDA\app\webroot\index.php(118): Dispatcher->dispatch(Object(CakeRequest), Object(CakeResponse))
#1 {main}
2015-04-22 05:56:33 Error: [MissingControllerException] Controller class JsController could not be found.
Exception Attributes: array (
  'class' => 'JsController',
  'plugin' => NULL,
)
Request URL: /ProjetoMDA/js/.js
Stack Trace:
#0 C:\wamp\www\ProjetoMDA\app\webroot\index.php(118): Dispatcher->dispatch(Object(CakeRequest), Object(CakeResponse))
#1 {main}
2015-04-22 05:57:24 Error: [MissingControllerException] Controller class JsController could not be found.
Exception Attributes: array (
  'class' => 'JsController',
  'plugin' => NULL,
)
Request URL: /ProjetoMDA/js/.js
Stack Trace:
#0 C:\wamp\www\ProjetoMDA\app\webroot\index.php(118): Dispatcher->dispatch(Object(CakeRequest), Object(CakeResponse))
#1 {main}
2015-04-22 05:57:24 Error: [MissingControllerException] Controller class CssController could not be found.
Exception Attributes: array (
  'class' => 'CssController',
  'plugin' => NULL,
)
Request URL: /ProjetoMDA/css/.css
Stack Trace:
#0 C:\wamp\www\ProjetoMDA\app\webroot\index.php(118): Dispatcher->dispatch(Object(CakeRequest), Object(CakeResponse))
#1 {main}
2015-04-22 05:57:24 Error: [MissingControllerException] Controller class CssController could not be found.
Exception Attributes: array (
  'class' => 'CssController',
  'plugin' => NULL,
)
Request URL: /ProjetoMDA/css/font-awesome.min.css
Stack Trace:
#0 C:\wamp\www\ProjetoMDA\app\webroot\index.php(118): Dispatcher->dispatch(Object(CakeRequest), Object(CakeResponse))
#1 {main}
2015-04-22 05:57:24 Error: [MissingControllerException] Controller class CssController could not be found.
Exception Attributes: array (
  'class' => 'CssController',
  'plugin' => NULL,
)
Request URL: /ProjetoMDA/css/jquery-ui.css
Stack Trace:
#0 C:\wamp\www\ProjetoMDA\app\webroot\index.php(118): Dispatcher->dispatch(Object(CakeRequest), Object(CakeResponse))
#1 {main}
2015-04-22 05:57:24 Error: [MissingControllerException] Controller class JsController could not be found.
Exception Attributes: array (
  'class' => 'JsController',
  'plugin' => NULL,
)
Request URL: /ProjetoMDA/js/.js
Stack Trace:
#0 C:\wamp\www\ProjetoMDA\app\webroot\index.php(118): Dispatcher->dispatch(Object(CakeRequest), Object(CakeResponse))
#1 {main}
2015-04-22 05:57:29 Error: [MissingControllerException] Controller class CssController could not be found.
Exception Attributes: array (
  'class' => 'CssController',
  'plugin' => NULL,
)
Request URL: /ProjetoMDA/css/jquery-ui.css
Stack Trace:
#0 C:\wamp\www\ProjetoMDA\app\webroot\index.php(118): Dispatcher->dispatch(Object(CakeRequest), Object(CakeResponse))
#1 {main}
2015-04-22 05:57:29 Error: [MissingControllerException] Controller class CssController could not be found.
Exception Attributes: array (
  'class' => 'CssController',
  'plugin' => NULL,
)
Request URL: /ProjetoMDA/css/font-awesome.min.css
Stack Trace:
#0 C:\wamp\www\ProjetoMDA\app\webroot\index.php(118): Dispatcher->dispatch(Object(CakeRequest), Object(CakeResponse))
#1 {main}
2015-04-22 05:57:29 Error: [MissingControllerException] Controller class JsController could not be found.
Exception Attributes: array (
  'class' => 'JsController',
  'plugin' => NULL,
)
Request URL: /ProjetoMDA/js/.js
Stack Trace:
#0 C:\wamp\www\ProjetoMDA\app\webroot\index.php(118): Dispatcher->dispatch(Object(CakeRequest), Object(CakeResponse))
#1 {main}
2015-04-22 05:57:29 Error: [MissingControllerException] Controller class CssController could not be found.
Exception Attributes: array (
  'class' => 'CssController',
  'plugin' => NULL,
)
Request URL: /ProjetoMDA/css/.css
Stack Trace:
#0 C:\wamp\www\ProjetoMDA\app\webroot\index.php(118): Dispatcher->dispatch(Object(CakeRequest), Object(CakeResponse))
#1 {main}
2015-04-22 05:59:18 Error: [MissingControllerException] Controller class CssController could not be found.
Exception Attributes: array (
  'class' => 'CssController',
  'plugin' => NULL,
)
Request URL: /ProjetoMDA/css/font-awesome.min.css
Stack Trace:
#0 C:\wamp\www\ProjetoMDA\app\webroot\index.php(118): Dispatcher->dispatch(Object(CakeRequest), Object(CakeResponse))
#1 {main}
2015-04-22 05:59:18 Error: [MissingControllerException] Controller class CssController could not be found.
Exception Attributes: array (
  'class' => 'CssController',
  'plugin' => NULL,
)
Request URL: /ProjetoMDA/css/jquery-ui.css
Stack Trace:
#0 C:\wamp\www\ProjetoMDA\app\webroot\index.php(118): Dispatcher->dispatch(Object(CakeRequest), Object(CakeResponse))
#1 {main}
2015-04-22 05:59:18 Error: [MissingControllerException] Controller class CssController could not be found.
Exception Attributes: array (
  'class' => 'CssController',
  'plugin' => NULL,
)
Request URL: /ProjetoMDA/css/.css
Stack Trace:
#0 C:\wamp\www\ProjetoMDA\app\webroot\index.php(118): Dispatcher->dispatch(Object(CakeRequest), Object(CakeResponse))
#1 {main}
2015-04-22 05:59:18 Error: [MissingControllerException] Controller class JsController could not be found.
Exception Attributes: array (
  'class' => 'JsController',
  'plugin' => NULL,
)
Request URL: /ProjetoMDA/js/.js
Stack Trace:
#0 C:\wamp\www\ProjetoMDA\app\webroot\index.php(118): Dispatcher->dispatch(Object(CakeRequest), Object(CakeResponse))
#1 {main}
2015-04-22 05:59:34 Error: [MissingControllerException] Controller class CssController could not be found.
Exception Attributes: array (
  'class' => 'CssController',
  'plugin' => NULL,
)
Request URL: /ProjetoMDA/css/.css
Stack Trace:
#0 C:\wamp\www\ProjetoMDA\app\webroot\index.php(118): Dispatcher->dispatch(Object(CakeRequest), Object(CakeResponse))
#1 {main}
2015-04-22 05:59:34 Error: [MissingControllerException] Controller class CssController could not be found.
Exception Attributes: array (
  'class' => 'CssController',
  'plugin' => NULL,
)
Request URL: /ProjetoMDA/css/font-awesome.min.css
Stack Trace:
#0 C:\wamp\www\ProjetoMDA\app\webroot\index.php(118): Dispatcher->dispatch(Object(CakeRequest), Object(CakeResponse))
#1 {main}
2015-04-22 05:59:34 Error: [MissingControllerException] Controller class JsController could not be found.
Exception Attributes: array (
  'class' => 'JsController',
  'plugin' => NULL,
)
Request URL: /ProjetoMDA/js/.js
Stack Trace:
#0 C:\wamp\www\ProjetoMDA\app\webroot\index.php(118): Dispatcher->dispatch(Object(CakeRequest), Object(CakeResponse))
#1 {main}
2015-04-22 05:59:34 Error: [MissingControllerException] Controller class CssController could not be found.
Exception Attributes: array (
  'class' => 'CssController',
  'plugin' => NULL,
)
Request URL: /ProjetoMDA/css/jquery-ui.css
Stack Trace:
#0 C:\wamp\www\ProjetoMDA\app\webroot\index.php(118): Dispatcher->dispatch(Object(CakeRequest), Object(CakeResponse))
#1 {main}
2015-04-22 05:59:34 Error: [MissingControllerException] Controller class JsController could not be found.
Exception Attributes: array (
  'class' => 'JsController',
  'plugin' => NULL,
)
Request URL: /ProjetoMDA/js/.js
Stack Trace:
#0 C:\wamp\www\ProjetoMDA\app\webroot\index.php(118): Dispatcher->dispatch(Object(CakeRequest), Object(CakeResponse))
#1 {main}
2015-04-22 06:01:46 Error: [MissingControllerException] Controller class CssController could not be found.
Exception Attributes: array (
  'class' => 'CssController',
  'plugin' => NULL,
)
Request URL: /ProjetoMDA/css/jquery-ui.css
Stack Trace:
#0 C:\wamp\www\ProjetoMDA\app\webroot\index.php(118): Dispatcher->dispatch(Object(CakeRequest), Object(CakeResponse))
#1 {main}
2015-04-22 06:01:46 Error: [MissingControllerException] Controller class CssController could not be found.
Exception Attributes: array (
  'class' => 'CssController',
  'plugin' => NULL,
)
Request URL: /ProjetoMDA/css/.css
Stack Trace:
#0 C:\wamp\www\ProjetoMDA\app\webroot\index.php(118): Dispatcher->dispatch(Object(CakeRequest), Object(CakeResponse))
#1 {main}
2015-04-22 06:01:46 Error: [MissingControllerException] Controller class CssController could not be found.
Exception Attributes: array (
  'class' => 'CssController',
  'plugin' => NULL,
)
Request URL: /ProjetoMDA/css/font-awesome.min.css
Stack Trace:
#0 C:\wamp\www\ProjetoMDA\app\webroot\index.php(118): Dispatcher->dispatch(Object(CakeRequest), Object(CakeResponse))
#1 {main}
2015-04-22 06:01:46 Error: [MissingControllerException] Controller class JsController could not be found.
Exception Attributes: array (
  'class' => 'JsController',
  'plugin' => NULL,
)
Request URL: /ProjetoMDA/js/.js
Stack Trace:
#0 C:\wamp\www\ProjetoMDA\app\webroot\index.php(118): Dispatcher->dispatch(Object(CakeRequest), Object(CakeResponse))
#1 {main}
2015-04-22 06:02:53 Error: [MissingControllerException] Controller class CssController could not be found.
Exception Attributes: array (
  'class' => 'CssController',
  'plugin' => NULL,
)
Request URL: /ProjetoMDA/css/jquery-ui.css
Stack Trace:
#0 C:\wamp\www\ProjetoMDA\app\webroot\index.php(118): Dispatcher->dispatch(Object(CakeRequest), Object(CakeResponse))
#1 {main}
2015-04-22 06:02:53 Error: [MissingControllerException] Controller class CssController could not be found.
Exception Attributes: array (
  'class' => 'CssController',
  'plugin' => NULL,
)
Request URL: /ProjetoMDA/css/font-awesome.min.css
Stack Trace:
#0 C:\wamp\www\ProjetoMDA\app\webroot\index.php(118): Dispatcher->dispatch(Object(CakeRequest), Object(CakeResponse))
#1 {main}
2015-04-22 06:02:53 Error: [MissingControllerException] Controller class CssController could not be found.
Exception Attributes: array (
  'class' => 'CssController',
  'plugin' => NULL,
)
Request URL: /ProjetoMDA/css/.css
Stack Trace:
#0 C:\wamp\www\ProjetoMDA\app\webroot\index.php(118): Dispatcher->dispatch(Object(CakeRequest), Object(CakeResponse))
#1 {main}
2015-04-22 06:02:53 Error: [MissingControllerException] Controller class JsController could not be found.
Exception Attributes: array (
  'class' => 'JsController',
  'plugin' => NULL,
)
Request URL: /ProjetoMDA/js/.js
Stack Trace:
#0 C:\wamp\www\ProjetoMDA\app\webroot\index.php(118): Dispatcher->dispatch(Object(CakeRequest), Object(CakeResponse))
#1 {main}
2015-04-22 06:03:47 Error: [MissingControllerException] Controller class CssController could not be found.
Exception Attributes: array (
  'class' => 'CssController',
  'plugin' => NULL,
)
Request URL: /ProjetoMDA/css/jquery-ui.css
Stack Trace:
#0 C:\wamp\www\ProjetoMDA\app\webroot\index.php(118): Dispatcher->dispatch(Object(CakeRequest), Object(CakeResponse))
#1 {main}
2015-04-22 06:03:48 Error: [MissingControllerException] Controller class CssController could not be found.
Exception Attributes: array (
  'class' => 'CssController',
  'plugin' => NULL,
)
Request URL: /ProjetoMDA/css/.css
Stack Trace:
#0 C:\wamp\www\ProjetoMDA\app\webroot\index.php(118): Dispatcher->dispatch(Object(CakeRequest), Object(CakeResponse))
#1 {main}
2015-04-22 06:03:48 Error: [MissingControllerException] Controller class CssController could not be found.
Exception Attributes: array (
  'class' => 'CssController',
  'plugin' => NULL,
)
Request URL: /ProjetoMDA/css/font-awesome.min.css
Stack Trace:
#0 C:\wamp\www\ProjetoMDA\app\webroot\index.php(118): Dispatcher->dispatch(Object(CakeRequest), Object(CakeResponse))
#1 {main}
2015-04-22 06:03:48 Error: [MissingControllerException] Controller class JsController could not be found.
Exception Attributes: array (
  'class' => 'JsController',
  'plugin' => NULL,
)
Request URL: /ProjetoMDA/js/.js
Stack Trace:
#0 C:\wamp\www\ProjetoMDA\app\webroot\index.php(118): Dispatcher->dispatch(Object(CakeRequest), Object(CakeResponse))
#1 {main}
2015-04-22 06:04:47 Error: [MissingControllerException] Controller class CssController could not be found.
Exception Attributes: array (
  'class' => 'CssController',
  'plugin' => NULL,
)
Request URL: /ProjetoMDA/css/jquery-ui.css
Stack Trace:
#0 C:\wamp\www\ProjetoMDA\app\webroot\index.php(118): Dispatcher->dispatch(Object(CakeRequest), Object(CakeResponse))
#1 {main}
2015-04-22 06:04:47 Error: [MissingControllerException] Controller class JsController could not be found.
Exception Attributes: array (
  'class' => 'JsController',
  'plugin' => NULL,
)
Request URL: /ProjetoMDA/js/.js
Stack Trace:
#0 C:\wamp\www\ProjetoMDA\app\webroot\index.php(118): Dispatcher->dispatch(Object(CakeRequest), Object(CakeResponse))
#1 {main}
2015-04-22 06:04:47 Error: [MissingControllerException] Controller class CssController could not be found.
Exception Attributes: array (
  'class' => 'CssController',
  'plugin' => NULL,
)
Request URL: /ProjetoMDA/css/.css
Stack Trace:
#0 C:\wamp\www\ProjetoMDA\app\webroot\index.php(118): Dispatcher->dispatch(Object(CakeRequest), Object(CakeResponse))
#1 {main}
2015-04-22 06:04:47 Error: [MissingControllerException] Controller class CssController could not be found.
Exception Attributes: array (
  'class' => 'CssController',
  'plugin' => NULL,
)
Request URL: /ProjetoMDA/css/font-awesome.min.css
Stack Trace:
#0 C:\wamp\www\ProjetoMDA\app\webroot\index.php(118): Dispatcher->dispatch(Object(CakeRequest), Object(CakeResponse))
#1 {main}
2015-04-22 06:04:48 Error: [MissingControllerException] Controller class JsController could not be found.
Exception Attributes: array (
  'class' => 'JsController',
  'plugin' => NULL,
)
Request URL: /ProjetoMDA/js/.js
Stack Trace:
#0 C:\wamp\www\ProjetoMDA\app\webroot\index.php(118): Dispatcher->dispatch(Object(CakeRequest), Object(CakeResponse))
#1 {main}
2015-04-22 06:05:19 Error: [MissingControllerException] Controller class CssController could not be found.
Exception Attributes: array (
  'class' => 'CssController',
  'plugin' => NULL,
)
Request URL: /ProjetoMDA/css/font-awesome.min.css
Stack Trace:
#0 C:\wamp\www\ProjetoMDA\app\webroot\index.php(118): Dispatcher->dispatch(Object(CakeRequest), Object(CakeResponse))
#1 {main}
2015-04-22 06:05:19 Error: [MissingControllerException] Controller class CssController could not be found.
Exception Attributes: array (
  'class' => 'CssController',
  'plugin' => NULL,
)
Request URL: /ProjetoMDA/css/jquery-ui.css
Stack Trace:
#0 C:\wamp\www\ProjetoMDA\app\webroot\index.php(118): Dispatcher->dispatch(Object(CakeRequest), Object(CakeResponse))
#1 {main}
2015-04-22 06:05:19 Error: [MissingControllerException] Controller class JsController could not be found.
Exception Attributes: array (
  'class' => 'JsController',
  'plugin' => NULL,
)
Request URL: /ProjetoMDA/js/.js
Stack Trace:
#0 C:\wamp\www\ProjetoMDA\app\webroot\index.php(118): Dispatcher->dispatch(Object(CakeRequest), Object(CakeResponse))
#1 {main}
2015-04-22 06:05:19 Error: [MissingControllerException] Controller class CssController could not be found.
Exception Attributes: array (
  'class' => 'CssController',
  'plugin' => NULL,
)
Request URL: /ProjetoMDA/css/.css
Stack Trace:
#0 C:\wamp\www\ProjetoMDA\app\webroot\index.php(118): Dispatcher->dispatch(Object(CakeRequest), Object(CakeResponse))
#1 {main}
2015-04-22 06:05:20 Error: [MissingControllerException] Controller class JsController could not be found.
Exception Attributes: array (
  'class' => 'JsController',
  'plugin' => NULL,
)
Request URL: /ProjetoMDA/js/.js
Stack Trace:
#0 C:\wamp\www\ProjetoMDA\app\webroot\index.php(118): Dispatcher->dispatch(Object(CakeRequest), Object(CakeResponse))
#1 {main}
2015-04-22 06:05:42 Error: [MissingControllerException] Controller class CssController could not be found.
Exception Attributes: array (
  'class' => 'CssController',
  'plugin' => NULL,
)
Request URL: /ProjetoMDA/css/font-awesome.min.css
Stack Trace:
#0 C:\wamp\www\ProjetoMDA\app\webroot\index.php(118): Dispatcher->dispatch(Object(CakeRequest), Object(CakeResponse))
#1 {main}
2015-04-22 06:05:42 Error: [MissingControllerException] Controller class JsController could not be found.
Exception Attributes: array (
  'class' => 'JsController',
  'plugin' => NULL,
)
Request URL: /ProjetoMDA/js/.js
Stack Trace:
#0 C:\wamp\www\ProjetoMDA\app\webroot\index.php(118): Dispatcher->dispatch(Object(CakeRequest), Object(CakeResponse))
#1 {main}
2015-04-22 06:05:42 Error: [MissingControllerException] Controller class CssController could not be found.
Exception Attributes: array (
  'class' => 'CssController',
  'plugin' => NULL,
)
Request URL: /ProjetoMDA/css/.css
Stack Trace:
#0 C:\wamp\www\ProjetoMDA\app\webroot\index.php(118): Dispatcher->dispatch(Object(CakeRequest), Object(CakeResponse))
#1 {main}
2015-04-22 06:05:42 Error: [MissingControllerException] Controller class CssController could not be found.
Exception Attributes: array (
  'class' => 'CssController',
  'plugin' => NULL,
)
Request URL: /ProjetoMDA/css/jquery-ui.css
Stack Trace:
#0 C:\wamp\www\ProjetoMDA\app\webroot\index.php(118): Dispatcher->dispatch(Object(CakeRequest), Object(CakeResponse))
#1 {main}
2015-04-22 06:05:42 Error: [MissingControllerException] Controller class JsController could not be found.
Exception Attributes: array (
  'class' => 'JsController',
  'plugin' => NULL,
)
Request URL: /ProjetoMDA/js/.js
Stack Trace:
#0 C:\wamp\www\ProjetoMDA\app\webroot\index.php(118): Dispatcher->dispatch(Object(CakeRequest), Object(CakeResponse))
#1 {main}
2015-04-22 06:07:07 Error: [MissingControllerException] Controller class CssController could not be found.
Exception Attributes: array (
  'class' => 'CssController',
  'plugin' => NULL,
)
Request URL: /ProjetoMDA/css/font-awesome.min.css
Stack Trace:
#0 C:\wamp\www\ProjetoMDA\app\webroot\index.php(118): Dispatcher->dispatch(Object(CakeRequest), Object(CakeResponse))
#1 {main}
2015-04-22 06:07:07 Error: [MissingControllerException] Controller class CssController could not be found.
Exception Attributes: array (
  'class' => 'CssController',
  'plugin' => NULL,
)
Request URL: /ProjetoMDA/css/jquery-ui.css
Stack Trace:
#0 C:\wamp\www\ProjetoMDA\app\webroot\index.php(118): Dispatcher->dispatch(Object(CakeRequest), Object(CakeResponse))
#1 {main}
2015-04-22 06:07:07 Error: [MissingControllerException] Controller class CssController could not be found.
Exception Attributes: array (
  'class' => 'CssController',
  'plugin' => NULL,
)
Request URL: /ProjetoMDA/css/.css
Stack Trace:
#0 C:\wamp\www\ProjetoMDA\app\webroot\index.php(118): Dispatcher->dispatch(Object(CakeRequest), Object(CakeResponse))
#1 {main}
2015-04-22 06:07:07 Error: [MissingControllerException] Controller class JsController could not be found.
Exception Attributes: array (
  'class' => 'JsController',
  'plugin' => NULL,
)
Request URL: /ProjetoMDA/js/.js
Stack Trace:
#0 C:\wamp\www\ProjetoMDA\app\webroot\index.php(118): Dispatcher->dispatch(Object(CakeRequest), Object(CakeResponse))
#1 {main}
2015-04-22 06:07:08 Error: [MissingControllerException] Controller class JsController could not be found.
Exception Attributes: array (
  'class' => 'JsController',
  'plugin' => NULL,
)
Request URL: /ProjetoMDA/js/.js
Stack Trace:
#0 C:\wamp\www\ProjetoMDA\app\webroot\index.php(118): Dispatcher->dispatch(Object(CakeRequest), Object(CakeResponse))
#1 {main}
2015-04-22 06:10:10 Error: [MissingControllerException] Controller class CssController could not be found.
Exception Attributes: array (
  'class' => 'CssController',
  'plugin' => NULL,
)
Request URL: /ProjetoMDA/css/jquery-ui.css
Stack Trace:
#0 C:\wamp\www\ProjetoMDA\app\webroot\index.php(118): Dispatcher->dispatch(Object(CakeRequest), Object(CakeResponse))
#1 {main}
2015-04-22 06:10:10 Error: [MissingControllerException] Controller class CssController could not be found.
Exception Attributes: array (
  'class' => 'CssController',
  'plugin' => NULL,
)
Request URL: /ProjetoMDA/css/font-awesome.min.css
Stack Trace:
#0 C:\wamp\www\ProjetoMDA\app\webroot\index.php(118): Dispatcher->dispatch(Object(CakeRequest), Object(CakeResponse))
#1 {main}
2015-04-22 06:10:10 Error: [MissingControllerException] Controller class JsController could not be found.
Exception Attributes: array (
  'class' => 'JsController',
  'plugin' => NULL,
)
Request URL: /ProjetoMDA/js/.js
Stack Trace:
#0 C:\wamp\www\ProjetoMDA\app\webroot\index.php(118): Dispatcher->dispatch(Object(CakeRequest), Object(CakeResponse))
#1 {main}
2015-04-22 06:10:10 Error: [MissingControllerException] Controller class CssController could not be found.
Exception Attributes: array (
  'class' => 'CssController',
  'plugin' => NULL,
)
Request URL: /ProjetoMDA/css/.css
Stack Trace:
#0 C:\wamp\www\ProjetoMDA\app\webroot\index.php(118): Dispatcher->dispatch(Object(CakeRequest), Object(CakeResponse))
#1 {main}
2015-04-22 06:10:10 Error: [MissingControllerException] Controller class JsController could not be found.
Exception Attributes: array (
  'class' => 'JsController',
  'plugin' => NULL,
)
Request URL: /ProjetoMDA/js/.js
Stack Trace:
#0 C:\wamp\www\ProjetoMDA\app\webroot\index.php(118): Dispatcher->dispatch(Object(CakeRequest), Object(CakeResponse))
#1 {main}
2015-04-22 06:11:03 Error: [MissingControllerException] Controller class CssController could not be found.
Exception Attributes: array (
  'class' => 'CssController',
  'plugin' => NULL,
)
Request URL: /ProjetoMDA/css/jquery-ui.css
Stack Trace:
#0 C:\wamp\www\ProjetoMDA\app\webroot\index.php(118): Dispatcher->dispatch(Object(CakeRequest), Object(CakeResponse))
#1 {main}
2015-04-22 06:11:04 Error: [MissingControllerException] Controller class CssController could not be found.
Exception Attributes: array (
  'class' => 'CssController',
  'plugin' => NULL,
)
Request URL: /ProjetoMDA/css/.css
Stack Trace:
#0 C:\wamp\www\ProjetoMDA\app\webroot\index.php(118): Dispatcher->dispatch(Object(CakeRequest), Object(CakeResponse))
#1 {main}
2015-04-22 06:11:04 Error: [MissingControllerException] Controller class JsController could not be found.
Exception Attributes: array (
  'class' => 'JsController',
  'plugin' => NULL,
)
Request URL: /ProjetoMDA/js/.js
Stack Trace:
#0 C:\wamp\www\ProjetoMDA\app\webroot\index.php(118): Dispatcher->dispatch(Object(CakeRequest), Object(CakeResponse))
#1 {main}
2015-04-22 06:11:04 Error: [MissingControllerException] Controller class CssController could not be found.
Exception Attributes: array (
  'class' => 'CssController',
  'plugin' => NULL,
)
Request URL: /ProjetoMDA/css/font-awesome.min.css
Stack Trace:
#0 C:\wamp\www\ProjetoMDA\app\webroot\index.php(118): Dispatcher->dispatch(Object(CakeRequest), Object(CakeResponse))
#1 {main}
2015-04-22 06:11:04 Error: [MissingControllerException] Controller class JsController could not be found.
Exception Attributes: array (
  'class' => 'JsController',
  'plugin' => NULL,
)
Request URL: /ProjetoMDA/js/.js
Stack Trace:
#0 C:\wamp\www\ProjetoMDA\app\webroot\index.php(118): Dispatcher->dispatch(Object(CakeRequest), Object(CakeResponse))
#1 {main}
2015-04-22 06:11:23 Error: [MissingControllerException] Controller class CssController could not be found.
Exception Attributes: array (
  'class' => 'CssController',
  'plugin' => NULL,
)
Request URL: /ProjetoMDA/css/jquery-ui.css
Stack Trace:
#0 C:\wamp\www\ProjetoMDA\app\webroot\index.php(118): Dispatcher->dispatch(Object(CakeRequest), Object(CakeResponse))
#1 {main}
2015-04-22 06:11:23 Error: [MissingControllerException] Controller class CssController could not be found.
Exception Attributes: array (
  'class' => 'CssController',
  'plugin' => NULL,
)
Request URL: /ProjetoMDA/css/.css
Stack Trace:
#0 C:\wamp\www\ProjetoMDA\app\webroot\index.php(118): Dispatcher->dispatch(Object(CakeRequest), Object(CakeResponse))
#1 {main}
2015-04-22 06:11:23 Error: [MissingControllerException] Controller class JsController could not be found.
Exception Attributes: array (
  'class' => 'JsController',
  'plugin' => NULL,
)
Request URL: /ProjetoMDA/js/.js
Stack Trace:
#0 C:\wamp\www\ProjetoMDA\app\webroot\index.php(118): Dispatcher->dispatch(Object(CakeRequest), Object(CakeResponse))
#1 {main}
2015-04-22 06:11:23 Error: [MissingControllerException] Controller class CssController could not be found.
Exception Attributes: array (
  'class' => 'CssController',
  'plugin' => NULL,
)
Request URL: /ProjetoMDA/css/font-awesome.min.css
Stack Trace:
#0 C:\wamp\www\ProjetoMDA\app\webroot\index.php(118): Dispatcher->dispatch(Object(CakeRequest), Object(CakeResponse))
#1 {main}
2015-04-22 06:11:23 Error: [MissingControllerException] Controller class JsController could not be found.
Exception Attributes: array (
  'class' => 'JsController',
  'plugin' => NULL,
)
Request URL: /ProjetoMDA/js/.js
Stack Trace:
#0 C:\wamp\www\ProjetoMDA\app\webroot\index.php(118): Dispatcher->dispatch(Object(CakeRequest), Object(CakeResponse))
#1 {main}
2015-04-22 06:11:52 Error: [MissingControllerException] Controller class JsController could not be found.
Exception Attributes: array (
  'class' => 'JsController',
  'plugin' => NULL,
)
Request URL: /ProjetoMDA/js/.js
Stack Trace:
#0 C:\wamp\www\ProjetoMDA\app\webroot\index.php(118): Dispatcher->dispatch(Object(CakeRequest), Object(CakeResponse))
#1 {main}
2015-04-22 06:11:52 Error: [MissingControllerException] Controller class CssController could not be found.
Exception Attributes: array (
  'class' => 'CssController',
  'plugin' => NULL,
)
Request URL: /ProjetoMDA/css/jquery-ui.css
Stack Trace:
#0 C:\wamp\www\ProjetoMDA\app\webroot\index.php(118): Dispatcher->dispatch(Object(CakeRequest), Object(CakeResponse))
#1 {main}
2015-04-22 06:11:52 Error: [MissingControllerException] Controller class CssController could not be found.
Exception Attributes: array (
  'class' => 'CssController',
  'plugin' => NULL,
)
Request URL: /ProjetoMDA/css/font-awesome.min.css
Stack Trace:
#0 C:\wamp\www\ProjetoMDA\app\webroot\index.php(118): Dispatcher->dispatch(Object(CakeRequest), Object(CakeResponse))
#1 {main}
2015-04-22 06:11:52 Error: [MissingControllerException] Controller class CssController could not be found.
Exception Attributes: array (
  'class' => 'CssController',
  'plugin' => NULL,
)
Request URL: /ProjetoMDA/css/.css
Stack Trace:
#0 C:\wamp\www\ProjetoMDA\app\webroot\index.php(118): Dispatcher->dispatch(Object(CakeRequest), Object(CakeResponse))
#1 {main}
2015-04-22 06:11:53 Error: [MissingControllerException] Controller class JsController could not be found.
Exception Attributes: array (
  'class' => 'JsController',
  'plugin' => NULL,
)
Request URL: /ProjetoMDA/js/.js
Stack Trace:
#0 C:\wamp\www\ProjetoMDA\app\webroot\index.php(118): Dispatcher->dispatch(Object(CakeRequest), Object(CakeResponse))
#1 {main}
2015-04-22 06:12:08 Error: [MissingControllerException] Controller class CssController could not be found.
Exception Attributes: array (
  'class' => 'CssController',
  'plugin' => NULL,
)
Request URL: /ProjetoMDA/css/font-awesome.min.css
Stack Trace:
#0 C:\wamp\www\ProjetoMDA\app\webroot\index.php(118): Dispatcher->dispatch(Object(CakeRequest), Object(CakeResponse))
#1 {main}
2015-04-22 06:12:08 Error: [MissingControllerException] Controller class CssController could not be found.
Exception Attributes: array (
  'class' => 'CssController',
  'plugin' => NULL,
)
Request URL: /ProjetoMDA/css/.css
Stack Trace:
#0 C:\wamp\www\ProjetoMDA\app\webroot\index.php(118): Dispatcher->dispatch(Object(CakeRequest), Object(CakeResponse))
#1 {main}
-04-22 06:12:08 Error: [MissingControllerException] Controller class CssController could not be found.
Exception Attributes: array (
  'class' => 'CssController',
  'plugin' => NULL,
)
Request URL: /ProjetoMDA/css/jquery-ui.css
Stack Trace:
#0 C:\wamp\www\ProjetoMDA\app\webroot\index.php(118): Dispatcher->dispatch(Object(CakeRequest), Object(CakeResponse))
#1 {main}
2015-04-22 06:12:09 Error: [MissingControllerException] Controller class JsController could not be found.
Exception Attributes: array (
  'class' => 'JsController',
  'plugin' => NULL,
)
Request URL: /ProjetoMDA/js/.js
Stack Trace:
#0 C:\wamp\www\ProjetoMDA\app\webroot\index.php(118): Dispatcher->dispatch(Object(CakeRequest), Object(CakeResponse))
#1 {main}
2015-04-22 06:13:22 Error: [MissingControllerException] Controller class CssController could not be found.
Exception Attributes: array (
  'class' => 'CssController',
  'plugin' => NULL,
)
Request URL: /ProjetoMDA/css/font-awesome.min.css
Stack Trace:
#0 C:\wamp\www\ProjetoMDA\app\webroot\index.php(118): Dispatcher->dispatch(Object(CakeRequest), Object(CakeResponse))
#1 {main}
2015-04-22 06:13:22 Error: [MissingControllerException] Controller class CssController could not be found.
Exception Attributes: array (
  'class' => 'CssController',
  'plugin' => NULL,
)
Request URL: /ProjetoMDA/css/jquery-ui.css
Stack Trace:
#0 C:\wamp\www\ProjetoMDA\app\webroot\index.php(118): Dispatcher->dispatch(Object(CakeRequest), Object(CakeResponse))
#1 {main}
2015-04-22 06:13:22 Error: [MissingControllerException] Controller class CssController could not be found.
Exception Attributes: array (
  'class' => 'CssController',
  'plugin' => NULL,
)
Request URL: /ProjetoMDA/css/.css
Stack Trace:
#0 C:\wamp\www\ProjetoMDA\app\webroot\index.php(118): Dispatcher->dispatch(Object(CakeRequest), Object(CakeResponse))
#1 {main}
2015-04-22 06:13:22 Error: [MissingControllerException] Controller class JsController could not be found.
Exception Attributes: array (
  'class' => 'JsController',
  'plugin' => NULL,
)
Request URL: /ProjetoMDA/js/.js
Stack Trace:
#0 C:\wamp\www\ProjetoMDA\app\webroot\index.php(118): Dispatcher->dispatch(Object(CakeRequest), Object(CakeResponse))
#1 {main}
2015-04-22 06:13:41 Error: [MissingControllerException] Controller class JsController could not be found.
Exception Attributes: array (
  'class' => 'JsController',
  'plugin' => NULL,
)
Request URL: /ProjetoMDA/js/.js
Stack Trace:
#0 C:\wamp\www\ProjetoMDA\app\webroot\index.php(118): Dispatcher->dispatch(Object(CakeRequest), Object(CakeResponse))
#1 {main}
2015-04-22 06:13:41 Error: [MissingControllerException] Controller class CssController could not be found.
Exception Attributes: array (
  'class' => 'CssController',
  'plugin' => NULL,
)
Request URL: /ProjetoMDA/css/.css
Stack Trace:
#0 C:\wamp\www\ProjetoMDA\app\webroot\index.php(118): Dispatcher->dispatch(Object(CakeRequest), Object(CakeResponse))
#1 {main}
2015-04-22 06:13:41 Error: [MissingControllerException] Controller class CssController could not be found.
Exception Attributes: array (
  'class' => 'CssController',
  'plugin' => NULL,
)
Request URL: /ProjetoMDA/css/jquery-ui.css
Stack Trace:
#0 C:\wamp\www\ProjetoMDA\app\webroot\index.php(118): Dispatcher->dispatch(Object(CakeRequest), Object(CakeResponse))
#1 {main}
2015-04-22 06:13:41 Error: [MissingControllerException] Controller class CssController could not be found.
Exception Attributes: array (
  'class' => 'CssController',
  'plugin' => NULL,
)
Request URL: /ProjetoMDA/css/font-awesome.min.css
Stack Trace:
#0 C:\wamp\www\ProjetoMDA\app\webroot\index.php(118): Dispatcher->dispatch(Object(CakeRequest), Object(CakeResponse))
#1 {main}
2015-04-22 06:13:42 Error: [MissingControllerException] Controller class JsController could not be found.
Exception Attributes: array (
  'class' => 'JsController',
  'plugin' => NULL,
)
Request URL: /ProjetoMDA/js/.js
Stack Trace:
#0 C:\wamp\www\ProjetoMDA\app\webroot\index.php(118): Dispatcher->dispatch(Object(CakeRequest), Object(CakeResponse))
#1 {main}
2015-04-22 06:15:40 Error: [MissingControllerException] Controller class JsController could not be found.
Exception Attributes: array (
  'class' => 'JsController',
  'plugin' => NULL,
)
Request URL: /ProjetoMDA/js/.js
Stack Trace:
#0 C:\wamp\www\ProjetoMDA\app\webroot\index.php(118): Dispatcher->dispatch(Object(CakeRequest), Object(CakeResponse))
#1 {main}
2015-04-22 06:15:40 Error: [MissingControllerException] Controller class CssController could not be found.
Exception Attributes: array (
  'class' => 'CssController',
  'plugin' => NULL,
)
Request URL: /ProjetoMDA/css/jquery-ui.css
Stack Trace:
#0 C:\wamp\www\ProjetoMDA\app\webroot\index.php(118): Dispatcher->dispatch(Object(CakeRequest), Object(CakeResponse))
#1 {main}
2015-04-22 06:15:40 Error: [MissingControllerException] Controller class CssController could not be found.
Exception Attributes: array (
  'class' => 'CssController',
  'plugin' => NULL,
)
Request URL: /ProjetoMDA/css/font-awesome.min.css
Stack Trace:
#0 C:\wamp\www\ProjetoMDA\app\webroot\index.php(118): Dispatcher->dispatch(Object(CakeRequest), Object(CakeResponse))
#1 {main}
2015-04-22 06:15:40 Error: [MissingControllerException] Controller class CssController could not be found.
Exception Attributes: array (
  'class' => 'CssController',
  'plugin' => NULL,
)
Request URL: /ProjetoMDA/css/.css
Stack Trace:
#0 C:\wamp\www\ProjetoMDA\app\webroot\index.php(118): Dispatcher->dispatch(Object(CakeRequest), Object(CakeResponse))
#1 {main}
2015-04-22 06:15:41 Error: [MissingControllerException] Controller class JsController could not be found.
Exception Attributes: array (
  'class' => 'JsController',
  'plugin' => NULL,
)
Request URL: /ProjetoMDA/js/.js
Stack Trace:
#0 C:\wamp\www\ProjetoMDA\app\webroot\index.php(118): Dispatcher->dispatch(Object(CakeRequest), Object(CakeResponse))
#1 {main}
2015-04-22 06:16:10 Error: [MissingControllerException] Controller class CssController could not be found.
Exception Attributes: array (
  'class' => 'CssController',
  'plugin' => NULL,
)
Request URL: /ProjetoMDA/css/.css
Stack Trace:
#0 C:\wamp\www\ProjetoMDA\app\webroot\index.php(118): Dispatcher->dispatch(Object(CakeRequest), Object(CakeResponse))
#1 {main}
2015-04-22 06:16:10 Error: [MissingControllerException] Controller class CssController could not be found.
Exception Attributes: array (
  'class' => 'CssController',
  'plugin' => NULL,
)
Request URL: /ProjetoMDA/css/jquery-ui.css
Stack Trace:
#0 C:\wamp\www\ProjetoMDA\app\webroot\index.php(118): Dispatcher->dispatch(Object(CakeRequest), Object(CakeResponse))
#1 {main}
2015-04-22 06:16:10 Error: [MissingControllerException] Controller class CssController could not be found.
Exception Attributes: array (
  'class' => 'CssController',
  'plugin' => NULL,
)
Request URL: /ProjetoMDA/css/font-awesome.min.css
Stack Trace:
#0 C:\wamp\www\ProjetoMDA\app\webroot\index.php(118): Dispatcher->dispatch(Object(CakeRequest), Object(CakeResponse))
#1 {main}
2015-04-22 06:16:10 Error: [MissingControllerException] Controller class JsController could not be found.
Exception Attributes: array (
  'class' => 'JsController',
  'plugin' => NULL,
)
Request URL: /ProjetoMDA/js/.js
Stack Trace:
#0 C:\wamp\www\ProjetoMDA\app\webroot\index.php(118): Dispatcher->dispatch(Object(CakeRequest), Object(CakeResponse))
#1 {main}
2015-04-22 06:16:10 Error: [MissingControllerException] Controller class JsController could not be found.
Exception Attributes: array (
  'class' => 'JsController',
  'plugin' => NULL,
)
Request URL: /ProjetoMDA/js/.js
Stack Trace:
#0 C:\wamp\www\ProjetoMDA\app\webroot\index.php(118): Dispatcher->dispatch(Object(CakeRequest), Object(CakeResponse))
#1 {main}
2015-04-22 06:17:00 Error: [MissingControllerException] Controller class CssController could not be found.
Exception Attributes: array (
  'class' => 'CssController',
  'plugin' => NULL,
)
Request URL: /ProjetoMDA/css/font-awesome.min.css
Stack Trace:
#0 C:\wamp\www\ProjetoMDA\app\webroot\index.php(118): Dispatcher->dispatch(Object(CakeRequest), Object(CakeResponse))
#1 {main}
2015-04-22 06:17:00 Error: [MissingControllerException] Controller class JsController could not be found.
Exception Attributes: array (
  'class' => 'JsController',
  'plugin' => NULL,
)
Request URL: /ProjetoMDA/js/.js
Stack Trace:
#0 C:\wamp\www\ProjetoMDA\app\webroot\index.php(118): Dispatcher->dispatch(Object(CakeRequest), Object(CakeResponse))
#1 {main}
2015-04-22 06:17:00 Error: [MissingControllerException] Controller class CssController could not be found.
Exception Attributes: array (
  'class' => 'CssController',
  'plugin' => NULL,
)
Request URL: /ProjetoMDA/css/.css
Stack Trace:
#0 C:\wamp\www\ProjetoMDA\app\webroot\index.php(118): Dispatcher->dispatch(Object(CakeRequest), Object(CakeResponse))
#1 {main}
2015-04-22 06:17:00 Error: [MissingControllerException] Controller class CssController could not be found.
Exception Attributes: array (
  'class' => 'CssController',
  'plugin' => NULL,
)
Request URL: /ProjetoMDA/css/jquery-ui.css
Stack Trace:
#0 C:\wamp\www\ProjetoMDA\app\webroot\index.php(118): Dispatcher->dispatch(Object(CakeRequest), Object(CakeResponse))
#1 {main}
2015-04-22 06:17:00 Error: [MissingControllerException] Controller class JsController could not be found.
Exception Attributes: array (
  'class' => 'JsController',
  'plugin' => NULL,
)
Request URL: /ProjetoMDA/js/.js
Stack Trace:
#0 C:\wamp\www\ProjetoMDA\app\webroot\index.php(118): Dispatcher->dispatch(Object(CakeRequest), Object(CakeResponse))
#1 {main}
2015-04-22 06:17:06 Error: [MissingControllerException] Controller class CssController could not be found.
Exception Attributes: array (
  'class' => 'CssController',
  'plugin' => NULL,
)
Request URL: /ProjetoMDA/css/font-awesome.min.css
Stack Trace:
#0 C:\wamp\www\ProjetoMDA\app\webroot\index.php(118): Dispatcher->dispatch(Object(CakeRequest), Object(CakeResponse))
#1 {main}
2015-04-22 06:17:06 Error: [MissingControllerException] Controller class CssController could not be found.
Exception Attributes: array (
  'class' => 'CssController',
  'plugin' => NULL,
)
Request URL: /ProjetoMDA/css/jquery-ui.css
Stack Trace:
#0 C:\wamp\www\ProjetoMDA\app\webroot\index.php(118): Dispatcher->dispatch(Object(CakeRequest), Object(CakeResponse))
#1 {main}
2015-04-22 06:17:06 Error: [MissingControllerException] Controller class JsController could not be found.
Exception Attributes: array (
  'class' => 'JsController',
  'plugin' => NULL,
)
Request URL: /ProjetoMDA/js/.js
Stack Trace:
#0 C:\wamp\www\ProjetoMDA\app\webroot\index.php(118): Dispatcher->dispatch(Object(CakeRequest), Object(CakeResponse))
#1 {main}
2015-04-22 06:17:06 Error: [MissingControllerException] Controller class CssController could not be found.
Exception Attributes: array (
  'class' => 'CssController',
  'plugin' => NULL,
)
Request URL: /ProjetoMDA/css/.css
Stack Trace:
#0 C:\wamp\www\ProjetoMDA\app\webroot\index.php(118): Dispatcher->dispatch(Object(CakeRequest), Object(CakeResponse))
#1 {main}
2015-04-22 06:17:14 Error: [MissingControllerException] Controller class CssController could not be found.
Exception Attributes: array (
  'class' => 'CssController',
  'plugin' => NULL,
)
Request URL: /ProjetoMDA/css/.css
Stack Trace:
#0 C:\wamp\www\ProjetoMDA\app\webroot\index.php(118): Dispatcher->dispatch(Object(CakeRequest), Object(CakeResponse))
#1 {main}
2015-04-22 06:17:14 Error: [MissingControllerException] Controller class JsController could not be found.
Exception Attributes: array (
  'class' => 'JsController',
  'plugin' => NULL,
)
Request URL: /ProjetoMDA/js/.js
Stack Trace:
#0 C:\wamp\www\ProjetoMDA\app\webroot\index.php(118): Dispatcher->dispatch(Object(CakeRequest), Object(CakeResponse))
#1 {main}
2015-04-22 06:17:14 Error: [MissingControllerException] Controller class CssController could not be found.
Exception Attributes: array (
  'class' => 'CssController',
  'plugin' => NULL,
)
Request URL: /ProjetoMDA/css/font-awesome.min.css
Stack Trace:
#0 C:\wamp\www\ProjetoMDA\app\webroot\index.php(118): Dispatcher->dispatch(Object(CakeRequest), Object(CakeResponse))
#1 {main}
2015-04-22 06:17:14 Error: [MissingControllerException] Controller class CssController could not be found.
Exception Attributes: array (
  'class' => 'CssController',
  'plugin' => NULL,
)
Request URL: /ProjetoMDA/css/jquery-ui.css
Stack Trace:
#0 C:\wamp\www\ProjetoMDA\app\webroot\index.php(118): Dispatcher->dispatch(Object(CakeRequest), Object(CakeResponse))
#1 {main}
2015-04-22 06:17:15 Error: [MissingControllerException] Controller class JsController could not be found.
Exception Attributes: array (
  'class' => 'JsController',
  'plugin' => NULL,
)
Request URL: /ProjetoMDA/js/.js
Stack Trace:
#0 C:\wamp\www\ProjetoMDA\app\webroot\index.php(118): Dispatcher->dispatch(Object(CakeRequest), Object(CakeResponse))
#1 {main}
2015-04-22 06:18:22 Error: [MissingControllerException] Controller class CssController could not be found.
Exception Attributes: array (
  'class' => 'CssController',
  'plugin' => NULL,
)
Request URL: /ProjetoMDA/css/.css
Stack Trace:
#0 C:\wamp\www\ProjetoMDA\app\webroot\index.php(118): Dispatcher->dispatch(Object(CakeRequest), Object(CakeResponse))
#1 {main}
2015-04-22 06:18:22 Error: [MissingControllerException] Controller class CssController could not be found.
Exception Attributes: array (
  'class' => 'CssController',
  'plugin' => NULL,
)
Request URL: /ProjetoMDA/css/jquery-ui.css
Stack Trace:
#0 C:\wamp\www\ProjetoMDA\app\webroot\index.php(118): Dispatcher->dispatch(Object(CakeRequest), Object(CakeResponse))
#1 {main}
2015-04-22 06:18:22 Error: [MissingControllerException] Controller class CssController could not be found.
Exception Attributes: array (
  'class' => 'CssController',
  'plugin' => NULL,
)
Request URL: /ProjetoMDA/css/font-awesome.min.css
Stack Trace:
#0 C:\wamp\www\ProjetoMDA\app\webroot\index.php(118): Dispatcher->dispatch(Object(CakeRequest), Object(CakeResponse))
#1 {main}
2015-04-22 06:18:22 Error: [MissingControllerException] Controller class JsController could not be found.
Exception Attributes: array (
  'class' => 'JsController',
  'plugin' => NULL,
)
Request URL: /ProjetoMDA/js/.js
Stack Trace:
#0 C:\wamp\www\ProjetoMDA\app\webroot\index.php(118): Dispatcher->dispatch(Object(CakeRequest), Object(CakeResponse))
#1 {main}
2015-04-22 06:18:28 Error: [MissingControllerException] Controller class CssController could not be found.
Exception Attributes: array (
  'class' => 'CssController',
  'plugin' => NULL,
)
Request URL: /ProjetoMDA/css/jquery-ui.css
Stack Trace:
#0 C:\wamp\www\ProjetoMDA\app\webroot\index.php(118): Dispatcher->dispatch(Object(CakeRequest), Object(CakeResponse))
#1 {main}
2015-04-22 06:18:28 Error: [MissingControllerException] Controller class CssController could not be found.
Exception Attributes: array (
  'class' => 'CssController',
  'plugin' => NULL,
)
Request URL: /ProjetoMDA/css/font-awesome.min.css
Stack Trace:
#0 C:\wamp\www\ProjetoMDA\app\webroot\index.php(118): Dispatcher->dispatch(Object(CakeRequest), Object(CakeResponse))
#1 {main}
2015-04-22 06:18:28 Error: [MissingControllerException] Controller class CssController could not be found.
Exception Attributes: array (
  'class' => 'CssController',
  'plugin' => NULL,
)
Request URL: /ProjetoMDA/css/.css
Stack Trace:
#0 C:\wamp\www\ProjetoMDA\app\webroot\index.php(118): Dispatcher->dispatch(Object(CakeRequest), Object(CakeResponse))
#1 {main}
2015-04-22 06:18:28 Error: [MissingControllerException] Controller class JsController could not be found.
Exception Attributes: array (
  'class' => 'JsController',
  'plugin' => NULL,
)
Request URL: /ProjetoMDA/js/.js
Stack Trace:
#0 C:\wamp\www\ProjetoMDA\app\webroot\index.php(118): Dispatcher->dispatch(Object(CakeRequest), Object(CakeResponse))
#1 {main}
2015-04-22 06:18:45 Error: [MissingControllerException] Controller class CssController could not be found.
Exception Attributes: array (
  'class' => 'CssController',
  'plugin' => NULL,
)
Request URL: /ProjetoMDA/css/jquery-ui.css
Stack Trace:
#0 C:\wamp\www\ProjetoMDA\app\webroot\index.php(118): Dispatcher->dispatch(Object(CakeRequest), Object(CakeResponse))
#1 {main}
2015-04-22 06:18:45 Error: [MissingControllerException] Controller class CssController could not be found.
Exception Attributes: array (
  'class' => 'CssController',
  'plugin' => NULL,
)
Request URL: /ProjetoMDA/css/font-awesome.min.css
Stack Trace:
#0 C:\wamp\www\ProjetoMDA\app\webroot\index.php(118): Dispatcher->dispatch(Object(CakeRequest), Object(CakeResponse))
#1 {main}
2015-04-22 06:18:45 Error: [MissingControllerException] Controller class JsController could not be found.
Exception Attributes: array (
  'class' => 'JsController',
  'plugin' => NULL,
)
Request URL: /ProjetoMDA/js/.js
Stack Trace:
#0 C:\wamp\www\ProjetoMDA\app\webroot\index.php(118): Dispatcher->dispatch(Object(CakeRequest), Object(CakeResponse))
#1 {main}
2015-04-22 06:18:45 Error: [MissingControllerException] Controller class CssController could not be found.
Exception Attributes: array (
  'class' => 'CssController',
  'plugin' => NULL,
)
Request URL: /ProjetoMDA/css/.css
Stack Trace:
#0 C:\wamp\www\ProjetoMDA\app\webroot\index.php(118): Dispatcher->dispatch(Object(CakeRequest), Object(CakeResponse))
#1 {main}
2015-04-22 06:18:45 Error: [MissingControllerException] Controller class JsController could not be found.
Exception Attributes: array (
  'class' => 'JsController',
  'plugin' => NULL,
)
Request URL: /ProjetoMDA/js/.js
Stack Trace:
#0 C:\wamp\www\ProjetoMDA\app\webroot\index.php(118): Dispatcher->dispatch(Object(CakeRequest), Object(CakeResponse))
#1 {main}
2015-04-22 06:22:22 Error: [MissingControllerException] Controller class CssController could not be found.
Exception Attributes: array (
  'class' => 'CssController',
  'plugin' => NULL,
)
Request URL: /ProjetoMDA/css/font-awesome.min.css
Stack Trace:
#0 C:\wamp\www\ProjetoMDA\app\webroot\index.php(118): Dispatcher->dispatch(Object(CakeRequest), Object(CakeResponse))
#1 {main}
2015-04-22 06:22:23 Error: [MissingControllerException] Controller class JsController could not be found.
Exception Attributes: array (
  'class' => 'JsController',
  'plugin' => NULL,
)
Request URL: /ProjetoMDA/js/.js
Stack Trace:
#0 C:\wamp\www\ProjetoMDA\app\webroot\index.php(118): Dispatcher->dispatch(Object(CakeRequest), Object(CakeResponse))
#1 {main}
2015-04-22 06:22:23 Error: [MissingControllerException] Controller class CssController could not be found.
Exception Attributes: array (
  'class' => 'CssController',
  'plugin' => NULL,
)
Request URL: /ProjetoMDA/css/jquery-ui.css
Stack Trace:
#0 C:\wamp\www\ProjetoMDA\app\webroot\index.php(118): Dispatcher->dispatch(Object(CakeRequest), Object(CakeResponse))
#1 {main}
2015-04-22 06:22:23 Error: [MissingControllerException] Controller class CssController could not be found.
Exception Attributes: array (
  'class' => 'CssController',
  'plugin' => NULL,
)
Request URL: /ProjetoMDA/css/.css
Stack Trace:
#0 C:\wamp\www\ProjetoMDA\app\webroot\index.php(118): Dispatcher->dispatch(Object(CakeRequest), Object(CakeResponse))
#1 {main}
2015-04-22 06:22:23 Error: [MissingControllerException] Controller class JsController could not be found.
Exception Attributes: array (
  'class' => 'JsController',
  'plugin' => NULL,
)
Request URL: /ProjetoMDA/js/.js
Stack Trace:
#0 C:\wamp\www\ProjetoMDA\app\webroot\index.php(118): Dispatcher->dispatch(Object(CakeRequest), Object(CakeResponse))
#1 {main}
2015-04-22 06:22:27 Error: [MissingControllerException] Controller class CssController could not be found.
Exception Attributes: array (
  'class' => 'CssController',
  'plugin' => NULL,
)
Request URL: /ProjetoMDA/css/jquery-ui.css
Stack Trace:
#0 C:\wamp\www\ProjetoMDA\app\webroot\index.php(118): Dispatcher->dispatch(Object(CakeRequest), Object(CakeResponse))
#1 {main}
2015-04-22 06:22:28 Error: [MissingControllerException] Controller class CssController could not be found.
Exception Attributes: array (
  'class' => 'CssController',
  'plugin' => NULL,
)
Request URL: /ProjetoMDA/css/.css
Stack Trace:
#0 C:\wamp\www\ProjetoMDA\app\webroot\index.php(118): Dispatcher->dispatch(Object(CakeRequest), Object(CakeResponse))
#1 {main}
2015-04-22 06:22:28 Error: [MissingControllerException] Controller class JsController could not be found.
Exception Attributes: array (
  'class' => 'JsController',
  'plugin' => NULL,
)
Request URL: /ProjetoMDA/js/.js
Stack Trace:
#0 C:\wamp\www\ProjetoMDA\app\webroot\index.php(118): Dispatcher->dispatch(Object(CakeRequest), Object(CakeResponse))
#1 {main}
2015-04-22 06:22:28 Error: [MissingControllerException] Controller class CssController could not be found.
Exception Attributes: array (
  'class' => 'CssController',
  'plugin' => NULL,
)
Request URL: /ProjetoMDA/css/font-awesome.min.css
Stack Trace:
#0 C:\wamp\www\ProjetoMDA\app\webroot\index.php(118): Dispatcher->dispatch(Object(CakeRequest), Object(CakeResponse))
#1 {main}
2015-04-22 06:22:28 Error: [MissingControllerException] Controller class JsController could not be found.
Exception Attributes: array (
  'class' => 'JsController',
  'plugin' => NULL,
)
Request URL: /ProjetoMDA/js/.js
Stack Trace:
#0 C:\wamp\www\ProjetoMDA\app\webroot\index.php(118): Dispatcher->dispatch(Object(CakeRequest), Object(CakeResponse))
#1 {main}
2015-04-22 06:22:34 Error: [MissingControllerException] Controller class CssController could not be found.
Exception Attributes: array (
  'class' => 'CssController',
  'plugin' => NULL,
)
Request URL: /ProjetoMDA/css/font-awesome.min.css
Stack Trace:
#0 C:\wamp\www\ProjetoMDA\app\webroot\index.php(118): Dispatcher->dispatch(Object(CakeRequest), Object(CakeResponse))
#1 {main}
2015-04-22 06:22:34 Error: [MissingControllerException] Controller class CssController could not be found.
Exception Attributes: array (
  'class' => 'CssController',
  'plugin' => NULL,
)
Request URL: /ProjetoMDA/css/.css
Stack Trace:
#0 C:\wamp\www\ProjetoMDA\app\webroot\index.php(118): Dispatcher->dispatch(Object(CakeRequest), Object(CakeResponse))
#1 {main}
2015-04-22 06:22:34 Error: [MissingControllerException] Controller class CssController could not be found.
Exception Attributes: array (
  'class' => 'CssController',
  'plugin' => NULL,
)
Request URL: /ProjetoMDA/css/jquery-ui.css
Stack Trace:
#0 C:\wamp\www\ProjetoMDA\app\webroot\index.php(118): Dispatcher->dispatch(Object(CakeRequest), Object(CakeResponse))
#1 {main}
2015-04-22 06:22:34 Error: [MissingControllerException] Controller class JsController could not be found.
Exception Attributes: array (
  'class' => 'JsController',
  'plugin' => NULL,
)
Request URL: /ProjetoMDA/js/.js
Stack Trace:
#0 C:\wamp\www\ProjetoMDA\app\webroot\index.php(118): Dispatcher->dispatch(Object(CakeRequest), Object(CakeResponse))
#1 {main}
2015-04-22 06:22:52 Error: [MissingControllerException] Controller class CssController could not be found.
Exception Attributes: array (
  'class' => 'CssController',
  'plugin' => NULL,
)
Request URL: /ProjetoMDA/css/font-awesome.min.css
Stack Trace:
#0 C:\wamp\www\ProjetoMDA\app\webroot\index.php(118): Dispatcher->dispatch(Object(CakeRequest), Object(CakeResponse))
#1 {main}
2015-04-22 06:22:52 Error: [MissingControllerException] Controller class JsController could not be found.
Exception Attributes: array (
  'class' => 'JsController',
  'plugin' => NULL,
)
Request URL: /ProjetoMDA/js/.js
Stack Trace:
#0 C:\wamp\www\ProjetoMDA\app\webroot\index.php(118): Dispatcher->dispatch(Object(CakeRequest), Object(CakeResponse))
#1 {main}
2015-04-22 06:22:52 Error: [MissingControllerException] Controller class CssController could not be found.
Exception Attributes: array (
  'class' => 'CssController',
  'plugin' => NULL,
)
Request URL: /ProjetoMDA/css/.css
Stack Trace:
#0 C:\wamp\www\ProjetoMDA\app\webroot\index.php(118): Dispatcher->dispatch(Object(CakeRequest), Object(CakeResponse))
#1 {main}
2015-04-22 06:22:52 Error: [MissingControllerException] Controller class CssController could not be found.
Exception Attributes: array (
  'class' => 'CssController',
  'plugin' => NULL,
)
Request URL: /ProjetoMDA/css/jquery-ui.css
Stack Trace:
#0 C:\wamp\www\ProjetoMDA\app\webroot\index.php(118): Dispatcher->dispatch(Object(CakeRequest), Object(CakeResponse))
#1 {main}
2015-04-22 06:22:52 Error: [MissingActionException] Action ProdutosController::favicon.ico() could not be found.
Exception Attributes: array (
  'controller' => 'ProdutosController',
  'action' => 'favicon.ico',
)
Request URL: /ProjetoMDA/Produtos/favicon.ico
Stack Trace:
#0 C:\wamp\www\ProjetoMDA\lib\Cake\Routing\Dispatcher.php(193): Controller->invokeAction(Object(CakeRequest))
#1 C:\wamp\www\ProjetoMDA\lib\Cake\Routing\Dispatcher.php(167): Dispatcher->_invoke(Object(ProdutosController), Object(CakeRequest))
#2 C:\wamp\www\ProjetoMDA\app\webroot\index.php(118): Dispatcher->dispatch(Object(CakeRequest), Object(CakeResponse))
#3 {main}
2015-04-22 06:22:52 Error: [MissingActionException] Action ProdutosController::favicon.ico() could not be found.
Exception Attributes: array (
  'controller' => 'ProdutosController',
  'action' => 'favicon.ico',
)
Request URL: /ProjetoMDA/Produtos/favicon.ico
Stack Trace:
#0 C:\wamp\www\ProjetoMDA\lib\Cake\Routing\Dispatcher.php(193): Controller->invokeAction(Object(CakeRequest))
#1 C:\wamp\www\ProjetoMDA\lib\Cake\Routing\Dispatcher.php(167): Dispatcher->_invoke(Object(ProdutosController), Object(CakeRequest))
#2 C:\wamp\www\ProjetoMDA\app\webroot\index.php(118): Dispatcher->dispatch(Object(CakeRequest), Object(CakeResponse))
#3 {main}
2015-04-22 06:22:53 Error: [MissingControllerException] Controller class JsController could not be found.
Exception Attributes: array (
  'class' => 'JsController',
  'plugin' => NULL,
)
Request URL: /ProjetoMDA/js/.js
Stack Trace:
#0 C:\wamp\www\ProjetoMDA\app\webroot\index.php(118): Dispatcher->dispatch(Object(CakeRequest), Object(CakeResponse))
#1 {main}
2015-04-22 06:23:03 Error: [MissingControllerException] Controller class CssController could not be found.
Exception Attributes: array (
  'class' => 'CssController',
  'plugin' => NULL,
)
Request URL: /ProjetoMDA/css/jquery-ui.css
Stack Trace:
#0 C:\wamp\www\ProjetoMDA\app\webroot\index.php(118): Dispatcher->dispatch(Object(CakeRequest), Object(CakeResponse))
#1 {main}
2015-04-22 06:23:03 Error: [MissingControllerException] Controller class CssController could not be found.
Exception Attributes: array (
  'class' => 'CssController',
  'plugin' => NULL,
)
Request URL: /ProjetoMDA/css/.css
Stack Trace:
#0 C:\wamp\www\ProjetoMDA\app\webroot\index.php(118): Dispatcher->dispatch(Object(CakeRequest), Object(CakeResponse))
#1 {main}
2015-04-22 06:23:04 Error: [MissingControllerException] Controller class CssController could not be found.
Exception Attributes: array (
  'class' => 'CssController',
  'plugin' => NULL,
)
Request URL: /ProjetoMDA/css/font-awesome.min.css
Stack Trace:
#0 C:\wamp\www\ProjetoMDA\app\webroot\index.php(118): Dispatcher->dispatch(Object(CakeRequest), Object(CakeResponse))
#1 {main}
2015-04-22 06:23:04 Error: [MissingControllerException] Controller class JsController could not be found.
Exception Attributes: array (
  'class' => 'JsController',
  'plugin' => NULL,
)
Request URL: /ProjetoMDA/js/.js
Stack Trace:
#0 C:\wamp\www\ProjetoMDA\app\webroot\index.php(118): Dispatcher->dispatch(Object(CakeRequest), Object(CakeResponse))
#1 {main}
2015-04-22 06:23:09 Error: [MissingControllerException] Controller class CssController could not be found.
Exception Attributes: array (
  'class' => 'CssController',
  'plugin' => NULL,
)
Request URL: /ProjetoMDA/css/.css
Stack Trace:
#0 C:\wamp\www\ProjetoMDA\app\webroot\index.php(118): Dispatcher->dispatch(Object(CakeRequest), Object(CakeResponse))
#1 {main}
2015-04-22 06:23:09 Error: [MissingControllerException] Controller class CssController could not be found.
Exception Attributes: array (
  'class' => 'CssController',
  'plugin' => NULL,
)
Request URL: /ProjetoMDA/css/font-awesome.min.css
Stack Trace:
#0 C:\wamp\www\ProjetoMDA\app\webroot\index.php(118): Dispatcher->dispatch(Object(CakeRequest), Object(CakeResponse))
#1 {main}
2015-04-22 06:23:09 Error: [MissingControllerException] Controller class JsController could not be found.
Exception Attributes: array (
  'class' => 'JsController',
  'plugin' => NULL,
)
Request URL: /ProjetoMDA/js/.js
Stack Trace:
#0 C:\wamp\www\ProjetoMDA\app\webroot\index.php(118): Dispatcher->dispatch(Object(CakeRequest), Object(CakeResponse))
#1 {main}
2015-04-22 06:23:09 Error: [MissingControllerException] Controller class CssController could not be found.
Exception Attributes: array (
  'class' => 'CssController',
  'plugin' => NULL,
)
Request URL: /ProjetoMDA/css/jquery-ui.css
Stack Trace:
#0 C:\wamp\www\ProjetoMDA\app\webroot\index.php(118): Dispatcher->dispatch(Object(CakeRequest), Object(CakeResponse))
#1 {main}
2015-04-22 06:23:09 Error: [MissingControllerException] Controller class JsController could not be found.
Exception Attributes: array (
  'class' => 'JsController',
  'plugin' => NULL,
)
Request URL: /ProjetoMDA/js/.js
Stack Trace:
#0 C:\wamp\www\ProjetoMDA\app\webroot\index.php(118): Dispatcher->dispatch(Object(CakeRequest), Object(CakeResponse))
#1 {main}
2015-04-22 06:23:17 Error: [MissingControllerException] Controller class CssController could not be found.
Exception Attributes: array (
  'class' => 'CssController',
  'plugin' => NULL,
)
Request URL: /ProjetoMDA/css/jquery-ui.css
Stack Trace:
#0 C:\wamp\www\ProjetoMDA\app\webroot\index.php(118): Dispatcher->dispatch(Object(CakeRequest), Object(CakeResponse))
#1 {main}
2015-04-22 06:23:17 Error: [MissingControllerException] Controller class CssController could not be found.
Exception Attributes: array (
  'class' => 'CssController',
  'plugin' => NULL,
)
Request URL: /ProjetoMDA/css/font-awesome.min.css
Stack Trace:
#0 C:\wamp\www\ProjetoMDA\app\webroot\index.php(118): Dispatcher->dispatch(Object(CakeRequest), Object(CakeResponse))
#1 {main}
2015-04-22 06:23:17 Error: [MissingControllerException] Controller class JsController could not be found.
Exception Attributes: array (
  'class' => 'JsController',
  'plugin' => NULL,
)
Request URL: /ProjetoMDA/js/.js
Stack Trace:
#0 C:\wamp\www\ProjetoMDA\app\webroot\index.php(118): Dispatcher->dispatch(Object(CakeRequest), Object(CakeResponse))
#1 {main}
2015-04-22 06:23:17 Error: [MissingControllerException] Controller class CssController could not be found.
Exception Attributes: array (
  'class' => 'CssController',
  'plugin' => NULL,
)
Request URL: /ProjetoMDA/css/.css
Stack Trace:
#0 C:\wamp\www\ProjetoMDA\app\webroot\index.php(118): Dispatcher->dispatch(Object(CakeRequest), Object(CakeResponse))
#1 {main}
2015-04-22 06:23:18 Error: [MissingControllerException] Controller class JsController could not be found.
Exception Attributes: array (
  'class' => 'JsController',
  'plugin' => NULL,
)
Request URL: /ProjetoMDA/js/.js
Stack Trace:
#0 C:\wamp\www\ProjetoMDA\app\webroot\index.php(118): Dispatcher->dispatch(Object(CakeRequest), Object(CakeResponse))
#1 {main}
2015-04-22 06:26:27 Error: [MissingControllerException] Controller class CssController could not be found.
Exception Attributes: array (
  'class' => 'CssController',
  'plugin' => NULL,
)
Request URL: /ProjetoMDA/css/.css
Stack Trace:
#0 C:\wamp\www\ProjetoMDA\app\webroot\index.php(118): Dispatcher->dispatch(Object(CakeRequest), Object(CakeResponse))
#1 {main}
2015-04-22 06:26:27 Error: [MissingControllerException] Controller class CssController could not be found.
Exception Attributes: array (
  'class' => 'CssController',
  'plugin' => NULL,
)
Request URL: /ProjetoMDA/css/jquery-ui.css
Stack Trace:
#0 C:\wamp\www\ProjetoMDA\app\webroot\index.php(118): Dispatcher->dispatch(Object(CakeRequest), Object(CakeResponse))
#1 {main}
2015-04-22 06:26:27 Error: [MissingControllerException] Controller class JsController could not be found.
Exception Attributes: array (
  'class' => 'JsController',
  'plugin' => NULL,
)
Request URL: /ProjetoMDA/js/.js
Stack Trace:
#0 C:\wamp\www\ProjetoMDA\app\webroot\index.php(118): Dispatcher->dispatch(Object(CakeRequest), Object(CakeResponse))
#1 {main}
2015-04-22 06:26:27 Error: [MissingControllerException] Controller class CssController could not be found.
Exception Attributes: array (
  'class' => 'CssController',
  'plugin' => NULL,
)
Request URL: /ProjetoMDA/css/font-awesome.min.css
Stack Trace:
#0 C:\wamp\www\ProjetoMDA\app\webroot\index.php(118): Dispatcher->dispatch(Object(CakeRequest), Object(CakeResponse))
#1 {main}
2015-04-22 06:26:28 Error: [MissingControllerException] Controller class JsController could not be found.
Exception Attributes: array (
  'class' => 'JsController',
  'plugin' => NULL,
)
Request URL: /ProjetoMDA/js/.js
Stack Trace:
#0 C:\wamp\www\ProjetoMDA\app\webroot\index.php(118): Dispatcher->dispatch(Object(CakeRequest), Object(CakeResponse))
#1 {main}
2015-04-22 06:26:47 Error: [MissingControllerException] Controller class CssController could not be found.
Exception Attributes: array (
  'class' => 'CssController',
  'plugin' => NULL,
)
Request URL: /ProjetoMDA/css/jquery-ui.css
Stack Trace:
#0 C:\wamp\www\ProjetoMDA\app\webroot\index.php(118): Dispatcher->dispatch(Object(CakeRequest), Object(CakeResponse))
#1 {main}
2015-04-22 06:26:47 Error: [MissingControllerException] Controller class JsController could not be found.
Exception Attributes: array (
  'class' => 'JsController',
  'plugin' => NULL,
)
Request URL: /ProjetoMDA/js/.js
Stack Trace:
#0 C:\wamp\www\ProjetoMDA\app\webroot\index.php(118): Dispatcher->dispatch(Object(CakeRequest), Object(CakeResponse))
#1 {main}
2015-04-22 06:26:47 Error: [MissingControllerException] Controller class CssController could not be found.
Exception Attributes: array (
  'class' => 'CssController',
  'plugin' => NULL,
)
Request URL: /ProjetoMDA/css/.css
Stack Trace:
#0 C:\wamp\www\ProjetoMDA\app\webroot\index.php(118): Dispatcher->dispatch(Object(CakeRequest), Object(CakeResponse))
#1 {main}
2015-04-22 06:26:47 Error: [MissingControllerException] Controller class CssController could not be found.
Exception Attributes: array (
  'class' => 'CssController',
  'plugin' => NULL,
)
Request URL: /ProjetoMDA/css/font-awesome.min.css
Stack Trace:
#0 C:\wamp\www\ProjetoMDA\app\webroot\index.php(118): Dispatcher->dispatch(Object(CakeRequest), Object(CakeResponse))
#1 {main}
2015-04-22 06:26:47 Error: [MissingControllerException] Controller class JsController could not be found.
Exception Attributes: array (
  'class' => 'JsController',
  'plugin' => NULL,
)
Request URL: /ProjetoMDA/js/.js
Stack Trace:
#0 C:\wamp\www\ProjetoMDA\app\webroot\index.php(118): Dispatcher->dispatch(Object(CakeRequest), Object(CakeResponse))
#1 {main}
2015-04-22 06:26:52 Error: [MissingControllerException] Controller class CssController could not be found.
Exception Attributes: array (
  'class' => 'CssController',
  'plugin' => NULL,
)
Request URL: /ProjetoMDA/css/.css
Stack Trace:
#0 C:\wamp\www\ProjetoMDA\app\webroot\index.php(118): Dispatcher->dispatch(Object(CakeRequest), Object(CakeResponse))
#1 {main}
2015-04-22 06:26:52 Error: [MissingControllerException] Controller class JsController could not be found.
Exception Attributes: array (
  'class' => 'JsController',
  'plugin' => NULL,
)
Request URL: /ProjetoMDA/js/.js
Stack Trace:
#0 C:\wamp\www\ProjetoMDA\app\webroot\index.php(118): Dispatcher->dispatch(Object(CakeRequest), Object(CakeResponse))
#1 {main}
2015-04-22 06:26:52 Error: [MissingControllerException] Controller class CssController could not be found.
Exception Attributes: array (
  'class' => 'CssController',
  'plugin' => NULL,
)
Request URL: /ProjetoMDA/css/jquery-ui.css
Stack Trace:
#0 C:\wamp\www\ProjetoMDA\app\webroot\index.php(118): Dispatcher->dispatch(Object(CakeRequest), Object(CakeResponse))
#1 {main}
2015-04-22 06:26:52 Error: [MissingControllerException] Controller class CssController could not be found.
Exception Attributes: array (
  'class' => 'CssController',
  'plugin' => NULL,
)
Request URL: /ProjetoMDA/css/font-awesome.min.css
Stack Trace:
#0 C:\wamp\www\ProjetoMDA\app\webroot\index.php(118): Dispatcher->dispatch(Object(CakeRequest), Object(CakeResponse))
#1 {main}
2015-04-22 06:26:52 Error: [MissingControllerException] Controller class JsController could not be found.
Exception Attributes: array (
  'class' => 'JsController',
  'plugin' => NULL,
)
Request URL: /ProjetoMDA/js/.js
Stack Trace:
#0 C:\wamp\www\ProjetoMDA\app\webroot\index.php(118): Dispatcher->dispatch(Object(CakeRequest), Object(CakeResponse))
#1 {main}
